16-Apr-2016 19:48:04.890 INFO [main] org.apache.catalina.startup.VersionLoggerListener.log Server version:        Apache Tomcat/8.0.33
16-Apr-2016 19:48:04.892 INFO [main] org.apache.catalina.startup.VersionLoggerListener.log Server built:          Mar 18 2016 20:31:49 UTC
16-Apr-2016 19:48:04.892 INFO [main] org.apache.catalina.startup.VersionLoggerListener.log Server number:         8.0.33.0
16-Apr-2016 19:48:04.892 INFO [main] org.apache.catalina.startup.VersionLoggerListener.log OS Name:               Mac OS X
16-Apr-2016 19:48:04.893 INFO [main] org.apache.catalina.startup.VersionLoggerListener.log OS Version:            10.11.3
16-Apr-2016 19:48:04.893 INFO [main] org.apache.catalina.startup.VersionLoggerListener.log Architecture:          x86_64
16-Apr-2016 19:48:04.893 INFO [main] org.apache.catalina.startup.VersionLoggerListener.log Java Home:             /Library/Java/JavaVirtualMachines/jdk1.7.0_79.jdk/Contents/Home/jre
16-Apr-2016 19:48:04.893 INFO [main] org.apache.catalina.startup.VersionLoggerListener.log JVM Version:           1.7.0_79-b15
16-Apr-2016 19:48:04.893 INFO [main] org.apache.catalina.startup.VersionLoggerListener.log JVM Vendor:            Oracle Corporation
16-Apr-2016 19:48:04.893 INFO [main] org.apache.catalina.startup.VersionLoggerListener.log CATALINA_BASE:         /Users/BlackMonkey/Desktop/CSE135/TomCatsServer
16-Apr-2016 19:48:04.894 INFO [main] org.apache.catalina.startup.VersionLoggerListener.log CATALINA_HOME:         /Users/BlackMonkey/Desktop/CSE135/TomCatsServer
16-Apr-2016 19:48:04.895 INFO [main] org.apache.catalina.startup.VersionLoggerListener.log Command line argument: -Djava.util.logging.config.file=/Users/BlackMonkey/Desktop/CSE135/TomCatsServer/conf/logging.properties
16-Apr-2016 19:48:04.895 INFO [main] org.apache.catalina.startup.VersionLoggerListener.log Command line argument: -Djava.util.logging.manager=org.apache.juli.ClassLoaderLogManager
16-Apr-2016 19:48:04.895 INFO [main] org.apache.catalina.startup.VersionLoggerListener.log Command line argument: -Djava.endorsed.dirs=/Users/BlackMonkey/Desktop/CSE135/TomCatsServer/endorsed
16-Apr-2016 19:48:04.895 INFO [main] org.apache.catalina.startup.VersionLoggerListener.log Command line argument: -Dcatalina.base=/Users/BlackMonkey/Desktop/CSE135/TomCatsServer
16-Apr-2016 19:48:04.895 INFO [main] org.apache.catalina.startup.VersionLoggerListener.log Command line argument: -Dcatalina.home=/Users/BlackMonkey/Desktop/CSE135/TomCatsServer
16-Apr-2016 19:48:04.895 INFO [main] org.apache.catalina.startup.VersionLoggerListener.log Command line argument: -Djava.io.tmpdir=/Users/BlackMonkey/Desktop/CSE135/TomCatsServer/temp
16-Apr-2016 19:48:04.896 INFO [main] org.apache.catalina.core.AprLifecycleListener.lifecycleEvent The APR based Apache Tomcat Native library which allows optimal performance in production environments was not found on the java.library.path: /Users/BlackMonkey/Library/Java/Extensions:/Library/Java/Extensions:/Network/Library/Java/Extensions:/System/Library/Java/Extensions:/usr/lib/java:.
16-Apr-2016 19:48:05.134 INFO [main] org.apache.coyote.AbstractProtocol.init Initializing ProtocolHandler ["http-nio-2048"]
16-Apr-2016 19:48:05.189 INFO [main] org.apache.tomcat.util.net.NioSelectorPool.getSharedSelector Using a shared selector for servlet write/read
16-Apr-2016 19:48:05.193 INFO [main] org.apache.coyote.AbstractProtocol.init Initializing ProtocolHandler ["ajp-nio-8009"]
16-Apr-2016 19:48:05.195 INFO [main] org.apache.tomcat.util.net.NioSelectorPool.getSharedSelector Using a shared selector for servlet write/read
16-Apr-2016 19:48:05.196 INFO [main] org.apache.catalina.startup.Catalina.load Initialization processed in 1037 ms
16-Apr-2016 19:48:05.230 INFO [main] org.apache.catalina.core.StandardService.startInternal Starting service Catalina
16-Apr-2016 19:48:05.230 INFO [main] org.apache.catalina.core.StandardEngine.startInternal Starting Servlet Engine: Apache Tomcat/8.0.33
16-Apr-2016 19:48:05.242 INFO [localhost-startStop-1] org.apache.catalina.startup.HostConfig.deployDirectory Deploying web application directory /Users/BlackMonkey/Desktop/CSE135/TomCatsServer/webapps/docs
16-Apr-2016 19:48:05.758 INFO [localhost-startStop-1] org.apache.catalina.startup.HostConfig.deployDirectory Deployment of web application directory /Users/BlackMonkey/Desktop/CSE135/TomCatsServer/webapps/docs has finished in 515 ms
16-Apr-2016 19:48:05.759 INFO [localhost-startStop-1] org.apache.catalina.startup.HostConfig.deployDirectory Deploying web application directory /Users/BlackMonkey/Desktop/CSE135/TomCatsServer/webapps/examples
16-Apr-2016 19:48:06.193 INFO [localhost-startStop-1] org.apache.catalina.startup.HostConfig.deployDirectory Deployment of web application directory /Users/BlackMonkey/Desktop/CSE135/TomCatsServer/webapps/examples has finished in 434 ms
16-Apr-2016 19:48:06.193 INFO [localhost-startStop-1] org.apache.catalina.startup.HostConfig.deployDirectory Deploying web application directory /Users/BlackMonkey/Desktop/CSE135/TomCatsServer/webapps/host-manager
16-Apr-2016 19:48:06.238 INFO [localhost-startStop-1] org.apache.catalina.startup.HostConfig.deployDirectory Deployment of web application directory /Users/BlackMonkey/Desktop/CSE135/TomCatsServer/webapps/host-manager has finished in 45 ms
16-Apr-2016 19:48:06.238 INFO [localhost-startStop-1] org.apache.catalina.startup.HostConfig.deployDirectory Deploying web application directory /Users/BlackMonkey/Desktop/CSE135/TomCatsServer/webapps/manager
16-Apr-2016 19:48:06.274 INFO [localhost-startStop-1] org.apache.catalina.startup.HostConfig.deployDirectory Deployment of web application directory /Users/BlackMonkey/Desktop/CSE135/TomCatsServer/webapps/manager has finished in 35 ms
16-Apr-2016 19:48:06.274 INFO [localhost-startStop-1] org.apache.catalina.startup.HostConfig.deployDirectory Deploying web application directory /Users/BlackMonkey/Desktop/CSE135/TomCatsServer/webapps/ROOT
16-Apr-2016 19:48:06.304 INFO [localhost-startStop-1] org.apache.catalina.startup.HostConfig.deployDirectory Deployment of web application directory /Users/BlackMonkey/Desktop/CSE135/TomCatsServer/webapps/ROOT has finished in 30 ms
16-Apr-2016 19:48:06.308 INFO [main] org.apache.coyote.AbstractProtocol.start Starting ProtocolHandler ["http-nio-2048"]
16-Apr-2016 19:48:06.317 INFO [main] org.apache.coyote.AbstractProtocol.start Starting ProtocolHandler ["ajp-nio-8009"]
16-Apr-2016 19:48:06.318 INFO [main] org.apache.catalina.startup.Catalina.start Server startup in 1121 ms
16-Apr-2016 19:51:36.535 INFO [localhost-startStop-2] org.apache.catalina.startup.HostConfig.deployDirectory Deploying web application directory /Users/BlackMonkey/Desktop/CSE135/TomCatsServer/webapps/hello
16-Apr-2016 19:51:36.591 INFO [localhost-startStop-2] org.apache.catalina.startup.HostConfig.deployDirectory Deployment of web application directory /Users/BlackMonkey/Desktop/CSE135/TomCatsServer/webapps/hello has finished in 56 ms
16-Apr-2016 19:55:36.840 INFO [ContainerBackgroundProcessor[StandardEngine[Catalina]]] org.apache.catalina.startup.HostConfig.reload Reloading context [/hello]
16-Apr-2016 19:55:36.842 INFO [ContainerBackgroundProcessor[StandardEngine[Catalina]]] org.apache.catalina.core.StandardContext.reload Reloading Context with name [/hello] has started
16-Apr-2016 19:55:36.986 INFO [ContainerBackgroundProcessor[StandardEngine[Catalina]]] org.apache.catalina.core.StandardContext.reload Reloading Context with name [/hello] is completed
16-Apr-2016 19:56:30.159 INFO [main] org.apache.catalina.startup.VersionLoggerListener.log Server version:        Apache Tomcat/8.0.33
16-Apr-2016 19:56:30.164 INFO [main] org.apache.catalina.startup.VersionLoggerListener.log Server built:          Mar 18 2016 20:31:49 UTC
16-Apr-2016 19:56:30.164 INFO [main] org.apache.catalina.startup.VersionLoggerListener.log Server number:         8.0.33.0
16-Apr-2016 19:56:30.164 INFO [main] org.apache.catalina.startup.VersionLoggerListener.log OS Name:               Mac OS X
16-Apr-2016 19:56:30.164 INFO [main] org.apache.catalina.startup.VersionLoggerListener.log OS Version:            10.11.3
16-Apr-2016 19:56:30.164 INFO [main] org.apache.catalina.startup.VersionLoggerListener.log Architecture:          x86_64
16-Apr-2016 19:56:30.164 INFO [main] org.apache.catalina.startup.VersionLoggerListener.log Java Home:             /Library/Java/JavaVirtualMachines/jdk1.7.0_79.jdk/Contents/Home/jre
16-Apr-2016 19:56:30.165 INFO [main] org.apache.catalina.startup.VersionLoggerListener.log JVM Version:           1.7.0_79-b15
16-Apr-2016 19:56:30.165 INFO [main] org.apache.catalina.startup.VersionLoggerListener.log JVM Vendor:            Oracle Corporation
16-Apr-2016 19:56:30.165 INFO [main] org.apache.catalina.startup.VersionLoggerListener.log CATALINA_BASE:         /Users/BlackMonkey/Desktop/CSE135/TomCatsServer
16-Apr-2016 19:56:30.165 INFO [main] org.apache.catalina.startup.VersionLoggerListener.log CATALINA_HOME:         /Users/BlackMonkey/Desktop/CSE135/TomCatsServer
16-Apr-2016 19:56:30.166 INFO [main] org.apache.catalina.startup.VersionLoggerListener.log Command line argument: -Djava.util.logging.config.file=/Users/BlackMonkey/Desktop/CSE135/TomCatsServer/conf/logging.properties
16-Apr-2016 19:56:30.166 INFO [main] org.apache.catalina.startup.VersionLoggerListener.log Command line argument: -Djava.util.logging.manager=org.apache.juli.ClassLoaderLogManager
16-Apr-2016 19:56:30.166 INFO [main] org.apache.catalina.startup.VersionLoggerListener.log Command line argument: -Djava.endorsed.dirs=/Users/BlackMonkey/Desktop/CSE135/TomCatsServer/endorsed
16-Apr-2016 19:56:30.166 INFO [main] org.apache.catalina.startup.VersionLoggerListener.log Command line argument: -Dcatalina.base=/Users/BlackMonkey/Desktop/CSE135/TomCatsServer
16-Apr-2016 19:56:30.166 INFO [main] org.apache.catalina.startup.VersionLoggerListener.log Command line argument: -Dcatalina.home=/Users/BlackMonkey/Desktop/CSE135/TomCatsServer
16-Apr-2016 19:56:30.166 INFO [main] org.apache.catalina.startup.VersionLoggerListener.log Command line argument: -Djava.io.tmpdir=/Users/BlackMonkey/Desktop/CSE135/TomCatsServer/temp
16-Apr-2016 19:56:30.166 INFO [main] org.apache.catalina.core.AprLifecycleListener.lifecycleEvent The APR based Apache Tomcat Native library which allows optimal performance in production environments was not found on the java.library.path: /Users/BlackMonkey/Library/Java/Extensions:/Library/Java/Extensions:/Network/Library/Java/Extensions:/System/Library/Java/Extensions:/usr/lib/java:.
16-Apr-2016 19:56:30.356 INFO [main] org.apache.coyote.AbstractProtocol.init Initializing ProtocolHandler ["http-nio-2048"]
16-Apr-2016 19:56:30.388 SEVERE [main] org.apache.coyote.AbstractProtocol.init Failed to initialize end point associated with ProtocolHandler ["http-nio-2048"]
 java.net.BindException: Address already in use
	at sun.nio.ch.Net.bind0(Native Method)
	at sun.nio.ch.Net.bind(Net.java:444)
	at sun.nio.ch.Net.bind(Net.java:436)
	at sun.nio.ch.ServerSocketChannelImpl.bind(ServerSocketChannelImpl.java:214)
	at sun.nio.ch.ServerSocketAdaptor.bind(ServerSocketAdaptor.java:74)
	at org.apache.tomcat.util.net.NioEndpoint.bind(NioEndpoint.java:340)
	at org.apache.tomcat.util.net.AbstractEndpoint.init(AbstractEndpoint.java:750)
	at org.apache.coyote.AbstractProtocol.init(AbstractProtocol.java:458)
	at org.apache.coyote.http11.AbstractHttp11JsseProtocol.init(AbstractHttp11JsseProtocol.java:120)
	at org.apache.catalina.connector.Connector.initInternal(Connector.java:960)
	at org.apache.catalina.util.LifecycleBase.init(LifecycleBase.java:102)
	at org.apache.catalina.core.StandardService.initInternal(StandardService.java:568)
	at org.apache.catalina.util.LifecycleBase.init(LifecycleBase.java:102)
	at org.apache.catalina.core.StandardServer.initInternal(StandardServer.java:869)
	at org.apache.catalina.util.LifecycleBase.init(LifecycleBase.java:102)
	at org.apache.catalina.startup.Catalina.load(Catalina.java:580)
	at org.apache.catalina.startup.Catalina.load(Catalina.java:603)
	at sun.reflect.NativeMethodAccessorImpl.invoke0(Native Method)
	at sun.reflect.NativeMethodAccessorImpl.invoke(NativeMethodAccessorImpl.java:57)
	at sun.reflect.DelegatingMethodAccessorImpl.invoke(DelegatingMethodAccessorImpl.java:43)
	at java.lang.reflect.Method.invoke(Method.java:606)
	at org.apache.catalina.startup.Bootstrap.load(Bootstrap.java:310)
	at org.apache.catalina.startup.Bootstrap.main(Bootstrap.java:484)

16-Apr-2016 19:56:30.400 SEVERE [main] org.apache.catalina.core.StandardService.initInternal Failed to initialize connector [Connector[HTTP/1.1-2048]]
 org.apache.catalina.LifecycleException: Failed to initialize component [Connector[HTTP/1.1-2048]]
	at org.apache.catalina.util.LifecycleBase.init(LifecycleBase.java:106)
	at org.apache.catalina.core.StandardService.initInternal(StandardService.java:568)
	at org.apache.catalina.util.LifecycleBase.init(LifecycleBase.java:102)
	at org.apache.catalina.core.StandardServer.initInternal(StandardServer.java:869)
	at org.apache.catalina.util.LifecycleBase.init(LifecycleBase.java:102)
	at org.apache.catalina.startup.Catalina.load(Catalina.java:580)
	at org.apache.catalina.startup.Catalina.load(Catalina.java:603)
	at sun.reflect.NativeMethodAccessorImpl.invoke0(Native Method)
	at sun.reflect.NativeMethodAccessorImpl.invoke(NativeMethodAccessorImpl.java:57)
	at sun.reflect.DelegatingMethodAccessorImpl.invoke(DelegatingMethodAccessorImpl.java:43)
	at java.lang.reflect.Method.invoke(Method.java:606)
	at org.apache.catalina.startup.Bootstrap.load(Bootstrap.java:310)
	at org.apache.catalina.startup.Bootstrap.main(Bootstrap.java:484)
Caused by: org.apache.catalina.LifecycleException: Protocol handler initialization failed
	at org.apache.catalina.connector.Connector.initInternal(Connector.java:962)
	at org.apache.catalina.util.LifecycleBase.init(LifecycleBase.java:102)
	... 12 more
Caused by: java.net.BindException: Address already in use
	at sun.nio.ch.Net.bind0(Native Method)
	at sun.nio.ch.Net.bind(Net.java:444)
	at sun.nio.ch.Net.bind(Net.java:436)
	at sun.nio.ch.ServerSocketChannelImpl.bind(ServerSocketChannelImpl.java:214)
	at sun.nio.ch.ServerSocketAdaptor.bind(ServerSocketAdaptor.java:74)
	at org.apache.tomcat.util.net.NioEndpoint.bind(NioEndpoint.java:340)
	at org.apache.tomcat.util.net.AbstractEndpoint.init(AbstractEndpoint.java:750)
	at org.apache.coyote.AbstractProtocol.init(AbstractProtocol.java:458)
	at org.apache.coyote.http11.AbstractHttp11JsseProtocol.init(AbstractHttp11JsseProtocol.java:120)
	at org.apache.catalina.connector.Connector.initInternal(Connector.java:960)
	... 13 more

16-Apr-2016 19:56:30.401 INFO [main] org.apache.coyote.AbstractProtocol.init Initializing ProtocolHandler ["ajp-nio-8009"]
16-Apr-2016 19:56:30.403 SEVERE [main] org.apache.coyote.AbstractProtocol.init Failed to initialize end point associated with ProtocolHandler ["ajp-nio-8009"]
 java.net.BindException: Address already in use
	at sun.nio.ch.Net.bind0(Native Method)
	at sun.nio.ch.Net.bind(Net.java:444)
	at sun.nio.ch.Net.bind(Net.java:436)
	at sun.nio.ch.ServerSocketChannelImpl.bind(ServerSocketChannelImpl.java:214)
	at sun.nio.ch.ServerSocketAdaptor.bind(ServerSocketAdaptor.java:74)
	at org.apache.tomcat.util.net.NioEndpoint.bind(NioEndpoint.java:340)
	at org.apache.tomcat.util.net.AbstractEndpoint.init(AbstractEndpoint.java:750)
	at org.apache.coyote.AbstractProtocol.init(AbstractProtocol.java:458)
	at org.apache.catalina.connector.Connector.initInternal(Connector.java:960)
	at org.apache.catalina.util.LifecycleBase.init(LifecycleBase.java:102)
	at org.apache.catalina.core.StandardService.initInternal(StandardService.java:568)
	at org.apache.catalina.util.LifecycleBase.init(LifecycleBase.java:102)
	at org.apache.catalina.core.StandardServer.initInternal(StandardServer.java:869)
	at org.apache.catalina.util.LifecycleBase.init(LifecycleBase.java:102)
	at org.apache.catalina.startup.Catalina.load(Catalina.java:580)
	at org.apache.catalina.startup.Catalina.load(Catalina.java:603)
	at sun.reflect.NativeMethodAccessorImpl.invoke0(Native Method)
	at sun.reflect.NativeMethodAccessorImpl.invoke(NativeMethodAccessorImpl.java:57)
	at sun.reflect.DelegatingMethodAccessorImpl.invoke(DelegatingMethodAccessorImpl.java:43)
	at java.lang.reflect.Method.invoke(Method.java:606)
	at org.apache.catalina.startup.Bootstrap.load(Bootstrap.java:310)
	at org.apache.catalina.startup.Bootstrap.main(Bootstrap.java:484)

16-Apr-2016 19:56:30.403 SEVERE [main] org.apache.catalina.core.StandardService.initInternal Failed to initialize connector [Connector[AJP/1.3-8009]]
 org.apache.catalina.LifecycleException: Failed to initialize component [Connector[AJP/1.3-8009]]
	at org.apache.catalina.util.LifecycleBase.init(LifecycleBase.java:106)
	at org.apache.catalina.core.StandardService.initInternal(StandardService.java:568)
	at org.apache.catalina.util.LifecycleBase.init(LifecycleBase.java:102)
	at org.apache.catalina.core.StandardServer.initInternal(StandardServer.java:869)
	at org.apache.catalina.util.LifecycleBase.init(LifecycleBase.java:102)
	at org.apache.catalina.startup.Catalina.load(Catalina.java:580)
	at org.apache.catalina.startup.Catalina.load(Catalina.java:603)
	at sun.reflect.NativeMethodAccessorImpl.invoke0(Native Method)
	at sun.reflect.NativeMethodAccessorImpl.invoke(NativeMethodAccessorImpl.java:57)
	at sun.reflect.DelegatingMethodAccessorImpl.invoke(DelegatingMethodAccessorImpl.java:43)
	at java.lang.reflect.Method.invoke(Method.java:606)
	at org.apache.catalina.startup.Bootstrap.load(Bootstrap.java:310)
	at org.apache.catalina.startup.Bootstrap.main(Bootstrap.java:484)
Caused by: org.apache.catalina.LifecycleException: Protocol handler initialization failed
	at org.apache.catalina.connector.Connector.initInternal(Connector.java:962)
	at org.apache.catalina.util.LifecycleBase.init(LifecycleBase.java:102)
	... 12 more
Caused by: java.net.BindException: Address already in use
	at sun.nio.ch.Net.bind0(Native Method)
	at sun.nio.ch.Net.bind(Net.java:444)
	at sun.nio.ch.Net.bind(Net.java:436)
	at sun.nio.ch.ServerSocketChannelImpl.bind(ServerSocketChannelImpl.java:214)
	at sun.nio.ch.ServerSocketAdaptor.bind(ServerSocketAdaptor.java:74)
	at org.apache.tomcat.util.net.NioEndpoint.bind(NioEndpoint.java:340)
	at org.apache.tomcat.util.net.AbstractEndpoint.init(AbstractEndpoint.java:750)
	at org.apache.coyote.AbstractProtocol.init(AbstractProtocol.java:458)
	at org.apache.catalina.connector.Connector.initInternal(Connector.java:960)
	... 13 more

16-Apr-2016 19:56:30.404 INFO [main] org.apache.catalina.startup.Catalina.load Initialization processed in 880 ms
16-Apr-2016 19:56:30.444 INFO [main] org.apache.catalina.core.StandardService.startInternal Starting service Catalina
16-Apr-2016 19:56:30.444 INFO [main] org.apache.catalina.core.StandardEngine.startInternal Starting Servlet Engine: Apache Tomcat/8.0.33
16-Apr-2016 19:56:30.453 INFO [localhost-startStop-1] org.apache.catalina.startup.HostConfig.deployDirectory Deploying web application directory /Users/BlackMonkey/Desktop/CSE135/TomCatsServer/webapps/docs
16-Apr-2016 19:56:30.928 INFO [localhost-startStop-1] org.apache.catalina.startup.HostConfig.deployDirectory Deployment of web application directory /Users/BlackMonkey/Desktop/CSE135/TomCatsServer/webapps/docs has finished in 474 ms
16-Apr-2016 19:56:30.928 INFO [localhost-startStop-1] org.apache.catalina.startup.HostConfig.deployDirectory Deploying web application directory /Users/BlackMonkey/Desktop/CSE135/TomCatsServer/webapps/examples
16-Apr-2016 19:56:31.363 INFO [localhost-startStop-1] org.apache.catalina.startup.HostConfig.deployDirectory Deployment of web application directory /Users/BlackMonkey/Desktop/CSE135/TomCatsServer/webapps/examples has finished in 435 ms
16-Apr-2016 19:56:31.363 INFO [localhost-startStop-1] org.apache.catalina.startup.HostConfig.deployDirectory Deploying web application directory /Users/BlackMonkey/Desktop/CSE135/TomCatsServer/webapps/hello
16-Apr-2016 19:56:31.421 INFO [localhost-startStop-1] org.apache.catalina.startup.HostConfig.deployDirectory Deployment of web application directory /Users/BlackMonkey/Desktop/CSE135/TomCatsServer/webapps/hello has finished in 58 ms
16-Apr-2016 19:56:31.422 INFO [localhost-startStop-1] org.apache.catalina.startup.HostConfig.deployDirectory Deploying web application directory /Users/BlackMonkey/Desktop/CSE135/TomCatsServer/webapps/host-manager
16-Apr-2016 19:56:31.458 INFO [localhost-startStop-1] org.apache.catalina.startup.HostConfig.deployDirectory Deployment of web application directory /Users/BlackMonkey/Desktop/CSE135/TomCatsServer/webapps/host-manager has finished in 36 ms
16-Apr-2016 19:56:31.458 INFO [localhost-startStop-1] org.apache.catalina.startup.HostConfig.deployDirectory Deploying web application directory /Users/BlackMonkey/Desktop/CSE135/TomCatsServer/webapps/manager
16-Apr-2016 19:56:31.492 INFO [localhost-startStop-1] org.apache.catalina.startup.HostConfig.deployDirectory Deployment of web application directory /Users/BlackMonkey/Desktop/CSE135/TomCatsServer/webapps/manager has finished in 34 ms
16-Apr-2016 19:56:31.492 INFO [localhost-startStop-1] org.apache.catalina.startup.HostConfig.deployDirectory Deploying web application directory /Users/BlackMonkey/Desktop/CSE135/TomCatsServer/webapps/ROOT
16-Apr-2016 19:56:31.514 INFO [localhost-startStop-1] org.apache.catalina.startup.HostConfig.deployDirectory Deployment of web application directory /Users/BlackMonkey/Desktop/CSE135/TomCatsServer/webapps/ROOT has finished in 22 ms
16-Apr-2016 19:56:31.518 INFO [main] org.apache.catalina.startup.Catalina.start Server startup in 1113 ms
16-Apr-2016 19:56:31.523 SEVERE [main] org.apache.catalina.core.StandardServer.await StandardServer.await: create[localhost:8005]: 
 java.net.BindException: Address already in use
	at java.net.PlainSocketImpl.socketBind(Native Method)
	at java.net.AbstractPlainSocketImpl.bind(AbstractPlainSocketImpl.java:376)
	at java.net.ServerSocket.bind(ServerSocket.java:376)
	at java.net.ServerSocket.<init>(ServerSocket.java:237)
	at org.apache.catalina.core.StandardServer.await(StandardServer.java:438)
	at org.apache.catalina.startup.Catalina.await(Catalina.java:717)
	at org.apache.catalina.startup.Catalina.start(Catalina.java:663)
	at sun.reflect.NativeMethodAccessorImpl.invoke0(Native Method)
	at sun.reflect.NativeMethodAccessorImpl.invoke(NativeMethodAccessorImpl.java:57)
	at sun.reflect.DelegatingMethodAccessorImpl.invoke(DelegatingMethodAccessorImpl.java:43)
	at java.lang.reflect.Method.invoke(Method.java:606)
	at org.apache.catalina.startup.Bootstrap.start(Bootstrap.java:351)
	at org.apache.catalina.startup.Bootstrap.main(Bootstrap.java:485)

16-Apr-2016 19:56:31.523 INFO [main] org.apache.coyote.AbstractProtocol.pause Pausing ProtocolHandler ["http-nio-2048"]
16-Apr-2016 19:56:31.523 INFO [main] org.apache.coyote.AbstractProtocol.pause Pausing ProtocolHandler ["ajp-nio-8009"]
16-Apr-2016 19:56:31.523 INFO [main] org.apache.catalina.core.StandardService.stopInternal Stopping service Catalina
16-Apr-2016 19:56:31.583 INFO [main] org.apache.coyote.AbstractProtocol.stop Stopping ProtocolHandler ["http-nio-2048"]
16-Apr-2016 19:56:31.583 INFO [main] org.apache.coyote.AbstractProtocol.destroy Destroying ProtocolHandler ["http-nio-2048"]
16-Apr-2016 19:56:31.583 INFO [main] org.apache.coyote.AbstractProtocol.stop Stopping ProtocolHandler ["ajp-nio-8009"]
16-Apr-2016 19:56:31.583 INFO [main] org.apache.coyote.AbstractProtocol.destroy Destroying ProtocolHandler ["ajp-nio-8009"]
16-Apr-2016 19:56:46.399 INFO [main] org.apache.catalina.core.StandardServer.await A valid shutdown command was received via the shutdown port. Stopping the Server instance.
16-Apr-2016 19:56:46.400 INFO [main] org.apache.coyote.AbstractProtocol.pause Pausing ProtocolHandler ["http-nio-2048"]
16-Apr-2016 19:56:46.459 INFO [main] org.apache.coyote.AbstractProtocol.pause Pausing ProtocolHandler ["ajp-nio-8009"]
16-Apr-2016 19:56:46.514 INFO [main] org.apache.catalina.core.StandardService.stopInternal Stopping service Catalina
16-Apr-2016 19:56:46.550 INFO [main] org.apache.coyote.AbstractProtocol.stop Stopping ProtocolHandler ["http-nio-2048"]
16-Apr-2016 19:56:46.552 INFO [main] org.apache.coyote.AbstractProtocol.stop Stopping ProtocolHandler ["ajp-nio-8009"]
16-Apr-2016 19:56:46.553 INFO [main] org.apache.coyote.AbstractProtocol.destroy Destroying ProtocolHandler ["http-nio-2048"]
16-Apr-2016 19:56:46.553 INFO [main] org.apache.coyote.AbstractProtocol.destroy Destroying ProtocolHandler ["ajp-nio-8009"]
16-Apr-2016 19:57:01.030 INFO [main] org.apache.catalina.startup.VersionLoggerListener.log Server version:        Apache Tomcat/8.0.33
16-Apr-2016 19:57:01.032 INFO [main] org.apache.catalina.startup.VersionLoggerListener.log Server built:          Mar 18 2016 20:31:49 UTC
16-Apr-2016 19:57:01.033 INFO [main] org.apache.catalina.startup.VersionLoggerListener.log Server number:         8.0.33.0
16-Apr-2016 19:57:01.033 INFO [main] org.apache.catalina.startup.VersionLoggerListener.log OS Name:               Mac OS X
16-Apr-2016 19:57:01.033 INFO [main] org.apache.catalina.startup.VersionLoggerListener.log OS Version:            10.11.3
16-Apr-2016 19:57:01.033 INFO [main] org.apache.catalina.startup.VersionLoggerListener.log Architecture:          x86_64
16-Apr-2016 19:57:01.034 INFO [main] org.apache.catalina.startup.VersionLoggerListener.log Java Home:             /Library/Java/JavaVirtualMachines/jdk1.7.0_79.jdk/Contents/Home/jre
16-Apr-2016 19:57:01.034 INFO [main] org.apache.catalina.startup.VersionLoggerListener.log JVM Version:           1.7.0_79-b15
16-Apr-2016 19:57:01.035 INFO [main] org.apache.catalina.startup.VersionLoggerListener.log JVM Vendor:            Oracle Corporation
16-Apr-2016 19:57:01.035 INFO [main] org.apache.catalina.startup.VersionLoggerListener.log CATALINA_BASE:         /Users/BlackMonkey/Desktop/CSE135/TomCatsServer
16-Apr-2016 19:57:01.035 INFO [main] org.apache.catalina.startup.VersionLoggerListener.log CATALINA_HOME:         /Users/BlackMonkey/Desktop/CSE135/TomCatsServer
16-Apr-2016 19:57:01.037 INFO [main] org.apache.catalina.startup.VersionLoggerListener.log Command line argument: -Djava.util.logging.config.file=/Users/BlackMonkey/Desktop/CSE135/TomCatsServer/conf/logging.properties
16-Apr-2016 19:57:01.037 INFO [main] org.apache.catalina.startup.VersionLoggerListener.log Command line argument: -Djava.util.logging.manager=org.apache.juli.ClassLoaderLogManager
16-Apr-2016 19:57:01.037 INFO [main] org.apache.catalina.startup.VersionLoggerListener.log Command line argument: -Djava.endorsed.dirs=/Users/BlackMonkey/Desktop/CSE135/TomCatsServer/endorsed
16-Apr-2016 19:57:01.038 INFO [main] org.apache.catalina.startup.VersionLoggerListener.log Command line argument: -Dcatalina.base=/Users/BlackMonkey/Desktop/CSE135/TomCatsServer
16-Apr-2016 19:57:01.038 INFO [main] org.apache.catalina.startup.VersionLoggerListener.log Command line argument: -Dcatalina.home=/Users/BlackMonkey/Desktop/CSE135/TomCatsServer
16-Apr-2016 19:57:01.038 INFO [main] org.apache.catalina.startup.VersionLoggerListener.log Command line argument: -Djava.io.tmpdir=/Users/BlackMonkey/Desktop/CSE135/TomCatsServer/temp
16-Apr-2016 19:57:01.038 INFO [main] org.apache.catalina.core.AprLifecycleListener.lifecycleEvent The APR based Apache Tomcat Native library which allows optimal performance in production environments was not found on the java.library.path: /Users/BlackMonkey/Library/Java/Extensions:/Library/Java/Extensions:/Network/Library/Java/Extensions:/System/Library/Java/Extensions:/usr/lib/java:.
16-Apr-2016 19:57:01.258 INFO [main] org.apache.coyote.AbstractProtocol.init Initializing ProtocolHandler ["http-nio-2048"]
16-Apr-2016 19:57:01.288 INFO [main] org.apache.tomcat.util.net.NioSelectorPool.getSharedSelector Using a shared selector for servlet write/read
16-Apr-2016 19:57:01.293 INFO [main] org.apache.coyote.AbstractProtocol.init Initializing ProtocolHandler ["ajp-nio-8009"]
16-Apr-2016 19:57:01.295 INFO [main] org.apache.tomcat.util.net.NioSelectorPool.getSharedSelector Using a shared selector for servlet write/read
16-Apr-2016 19:57:01.296 INFO [main] org.apache.catalina.startup.Catalina.load Initialization processed in 938 ms
16-Apr-2016 19:57:01.331 INFO [main] org.apache.catalina.core.StandardService.startInternal Starting service Catalina
16-Apr-2016 19:57:01.331 INFO [main] org.apache.catalina.core.StandardEngine.startInternal Starting Servlet Engine: Apache Tomcat/8.0.33
16-Apr-2016 19:57:01.344 INFO [localhost-startStop-1] org.apache.catalina.startup.HostConfig.deployDirectory Deploying web application directory /Users/BlackMonkey/Desktop/CSE135/TomCatsServer/webapps/docs
16-Apr-2016 19:57:01.765 INFO [localhost-startStop-1] org.apache.catalina.startup.HostConfig.deployDirectory Deployment of web application directory /Users/BlackMonkey/Desktop/CSE135/TomCatsServer/webapps/docs has finished in 420 ms
16-Apr-2016 19:57:01.765 INFO [localhost-startStop-1] org.apache.catalina.startup.HostConfig.deployDirectory Deploying web application directory /Users/BlackMonkey/Desktop/CSE135/TomCatsServer/webapps/examples
16-Apr-2016 19:57:02.255 INFO [localhost-startStop-1] org.apache.catalina.startup.HostConfig.deployDirectory Deployment of web application directory /Users/BlackMonkey/Desktop/CSE135/TomCatsServer/webapps/examples has finished in 490 ms
16-Apr-2016 19:57:02.256 INFO [localhost-startStop-1] org.apache.catalina.startup.HostConfig.deployDirectory Deploying web application directory /Users/BlackMonkey/Desktop/CSE135/TomCatsServer/webapps/hello
16-Apr-2016 19:57:02.296 INFO [localhost-startStop-1] org.apache.catalina.startup.HostConfig.deployDirectory Deployment of web application directory /Users/BlackMonkey/Desktop/CSE135/TomCatsServer/webapps/hello has finished in 40 ms
16-Apr-2016 19:57:02.296 INFO [localhost-startStop-1] org.apache.catalina.startup.HostConfig.deployDirectory Deploying web application directory /Users/BlackMonkey/Desktop/CSE135/TomCatsServer/webapps/host-manager
16-Apr-2016 19:57:02.331 INFO [localhost-startStop-1] org.apache.catalina.startup.HostConfig.deployDirectory Deployment of web application directory /Users/BlackMonkey/Desktop/CSE135/TomCatsServer/webapps/host-manager has finished in 35 ms
16-Apr-2016 19:57:02.332 INFO [localhost-startStop-1] org.apache.catalina.startup.HostConfig.deployDirectory Deploying web application directory /Users/BlackMonkey/Desktop/CSE135/TomCatsServer/webapps/manager
16-Apr-2016 19:57:02.364 INFO [localhost-startStop-1] org.apache.catalina.startup.HostConfig.deployDirectory Deployment of web application directory /Users/BlackMonkey/Desktop/CSE135/TomCatsServer/webapps/manager has finished in 33 ms
16-Apr-2016 19:57:02.364 INFO [localhost-startStop-1] org.apache.catalina.startup.HostConfig.deployDirectory Deploying web application directory /Users/BlackMonkey/Desktop/CSE135/TomCatsServer/webapps/ROOT
16-Apr-2016 19:57:02.390 INFO [localhost-startStop-1] org.apache.catalina.startup.HostConfig.deployDirectory Deployment of web application directory /Users/BlackMonkey/Desktop/CSE135/TomCatsServer/webapps/ROOT has finished in 26 ms
16-Apr-2016 19:57:02.395 INFO [main] org.apache.coyote.AbstractProtocol.start Starting ProtocolHandler ["http-nio-2048"]
16-Apr-2016 19:57:02.403 INFO [main] org.apache.coyote.AbstractProtocol.start Starting ProtocolHandler ["ajp-nio-8009"]
16-Apr-2016 19:57:02.404 INFO [main] org.apache.catalina.startup.Catalina.start Server startup in 1108 ms
16-Apr-2016 22:12:40.128 INFO [ContainerBackgroundProcessor[StandardEngine[Catalina]]] org.apache.catalina.startup.HostConfig.undeploy Undeploying context [/hello]
16-Apr-2016 22:12:40.178 INFO [localhost-startStop-2] org.apache.catalina.startup.HostConfig.deployDirectory Deploying web application directory /Users/BlackMonkey/Desktop/CSE135/TomCatsServer/webapps/project
16-Apr-2016 22:12:40.221 INFO [localhost-startStop-2] org.apache.catalina.startup.HostConfig.deployDirectory Deployment of web application directory /Users/BlackMonkey/Desktop/CSE135/TomCatsServer/webapps/project has finished in 43 ms
17-Apr-2016 17:41:23.438 INFO [ContainerBackgroundProcessor[StandardEngine[Catalina]]] org.apache.catalina.startup.HostConfig.undeploy Undeploying context [/project]
17-Apr-2016 17:41:23.464 INFO [localhost-startStop-3] org.apache.catalina.startup.HostConfig.deployDirectory Deploying web application directory /Users/BlackMonkey/Desktop/CSE135/TomCatsServer/webapps/storeWebPage
17-Apr-2016 17:41:23.509 INFO [localhost-startStop-3] org.apache.catalina.startup.HostConfig.deployDirectory Deployment of web application directory /Users/BlackMonkey/Desktop/CSE135/TomCatsServer/webapps/storeWebPage has finished in 45 ms
17-Apr-2016 23:20:29.209 INFO [Thread-5] org.apache.coyote.AbstractProtocol.pause Pausing ProtocolHandler ["http-nio-2048"]
17-Apr-2016 23:20:33.262 INFO [Thread-5] org.apache.coyote.AbstractProtocol.pause Pausing ProtocolHandler ["ajp-nio-8009"]
17-Apr-2016 23:20:33.315 INFO [Thread-5] org.apache.catalina.core.StandardService.stopInternal Stopping service Catalina
17-Apr-2016 23:20:33.380 INFO [Thread-5] org.apache.coyote.AbstractProtocol.stop Stopping ProtocolHandler ["http-nio-2048"]
17-Apr-2016 23:20:33.397 INFO [Thread-5] org.apache.coyote.AbstractProtocol.stop Stopping ProtocolHandler ["ajp-nio-8009"]
17-Apr-2016 23:20:33.399 INFO [Thread-5] org.apache.coyote.AbstractProtocol.destroy Destroying ProtocolHandler ["http-nio-2048"]
17-Apr-2016 23:20:33.400 INFO [Thread-5] org.apache.coyote.AbstractProtocol.destroy Destroying ProtocolHandler ["ajp-nio-8009"]
18-Apr-2016 13:12:40.242 INFO [main] org.apache.catalina.startup.VersionLoggerListener.log Server version:        Apache Tomcat/8.0.33
18-Apr-2016 13:12:40.244 INFO [main] org.apache.catalina.startup.VersionLoggerListener.log Server built:          Mar 18 2016 20:31:49 UTC
18-Apr-2016 13:12:40.245 INFO [main] org.apache.catalina.startup.VersionLoggerListener.log Server number:         8.0.33.0
18-Apr-2016 13:12:40.245 INFO [main] org.apache.catalina.startup.VersionLoggerListener.log OS Name:               Mac OS X
18-Apr-2016 13:12:40.245 INFO [main] org.apache.catalina.startup.VersionLoggerListener.log OS Version:            10.11.3
18-Apr-2016 13:12:40.245 INFO [main] org.apache.catalina.startup.VersionLoggerListener.log Architecture:          x86_64
18-Apr-2016 13:12:40.245 INFO [main] org.apache.catalina.startup.VersionLoggerListener.log Java Home:             /Library/Java/JavaVirtualMachines/jdk1.7.0_79.jdk/Contents/Home/jre
18-Apr-2016 13:12:40.245 INFO [main] org.apache.catalina.startup.VersionLoggerListener.log JVM Version:           1.7.0_79-b15
18-Apr-2016 13:12:40.246 INFO [main] org.apache.catalina.startup.VersionLoggerListener.log JVM Vendor:            Oracle Corporation
18-Apr-2016 13:12:40.246 INFO [main] org.apache.catalina.startup.VersionLoggerListener.log CATALINA_BASE:         /Users/BlackMonkey/Desktop/CSE135/TomCatsServer
18-Apr-2016 13:12:40.246 INFO [main] org.apache.catalina.startup.VersionLoggerListener.log CATALINA_HOME:         /Users/BlackMonkey/Desktop/CSE135/TomCatsServer
18-Apr-2016 13:12:40.247 INFO [main] org.apache.catalina.startup.VersionLoggerListener.log Command line argument: -Djava.util.logging.config.file=/Users/BlackMonkey/Desktop/CSE135/TomCatsServer/conf/logging.properties
18-Apr-2016 13:12:40.247 INFO [main] org.apache.catalina.startup.VersionLoggerListener.log Command line argument: -Djava.util.logging.manager=org.apache.juli.ClassLoaderLogManager
18-Apr-2016 13:12:40.247 INFO [main] org.apache.catalina.startup.VersionLoggerListener.log Command line argument: -Djava.endorsed.dirs=/Users/BlackMonkey/Desktop/CSE135/TomCatsServer/endorsed
18-Apr-2016 13:12:40.248 INFO [main] org.apache.catalina.startup.VersionLoggerListener.log Command line argument: -Dcatalina.base=/Users/BlackMonkey/Desktop/CSE135/TomCatsServer
18-Apr-2016 13:12:40.248 INFO [main] org.apache.catalina.startup.VersionLoggerListener.log Command line argument: -Dcatalina.home=/Users/BlackMonkey/Desktop/CSE135/TomCatsServer
18-Apr-2016 13:12:40.248 INFO [main] org.apache.catalina.startup.VersionLoggerListener.log Command line argument: -Djava.io.tmpdir=/Users/BlackMonkey/Desktop/CSE135/TomCatsServer/temp
18-Apr-2016 13:12:40.248 INFO [main] org.apache.catalina.core.AprLifecycleListener.lifecycleEvent The APR based Apache Tomcat Native library which allows optimal performance in production environments was not found on the java.library.path: /Users/BlackMonkey/Library/Java/Extensions:/Library/Java/Extensions:/Network/Library/Java/Extensions:/System/Library/Java/Extensions:/usr/lib/java:.
18-Apr-2016 13:12:40.504 INFO [main] org.apache.coyote.AbstractProtocol.init Initializing ProtocolHandler ["http-nio-2048"]
18-Apr-2016 13:12:40.551 INFO [main] org.apache.tomcat.util.net.NioSelectorPool.getSharedSelector Using a shared selector for servlet write/read
18-Apr-2016 13:12:40.555 INFO [main] org.apache.coyote.AbstractProtocol.init Initializing ProtocolHandler ["ajp-nio-8009"]
18-Apr-2016 13:12:40.558 INFO [main] org.apache.tomcat.util.net.NioSelectorPool.getSharedSelector Using a shared selector for servlet write/read
18-Apr-2016 13:12:40.558 INFO [main] org.apache.catalina.startup.Catalina.load Initialization processed in 1078 ms
18-Apr-2016 13:12:40.594 INFO [main] org.apache.catalina.core.StandardService.startInternal Starting service Catalina
18-Apr-2016 13:12:40.595 INFO [main] org.apache.catalina.core.StandardEngine.startInternal Starting Servlet Engine: Apache Tomcat/8.0.33
18-Apr-2016 13:12:40.607 INFO [localhost-startStop-1] org.apache.catalina.startup.HostConfig.deployDirectory Deploying web application directory /Users/BlackMonkey/Desktop/CSE135/TomCatsServer/webapps/docs
18-Apr-2016 13:12:41.197 INFO [localhost-startStop-1] org.apache.catalina.startup.HostConfig.deployDirectory Deployment of web application directory /Users/BlackMonkey/Desktop/CSE135/TomCatsServer/webapps/docs has finished in 589 ms
18-Apr-2016 13:12:41.197 INFO [localhost-startStop-1] org.apache.catalina.startup.HostConfig.deployDirectory Deploying web application directory /Users/BlackMonkey/Desktop/CSE135/TomCatsServer/webapps/examples
18-Apr-2016 13:12:41.711 INFO [localhost-startStop-1] org.apache.catalina.startup.HostConfig.deployDirectory Deployment of web application directory /Users/BlackMonkey/Desktop/CSE135/TomCatsServer/webapps/examples has finished in 514 ms
18-Apr-2016 13:12:41.712 INFO [localhost-startStop-1] org.apache.catalina.startup.HostConfig.deployDirectory Deploying web application directory /Users/BlackMonkey/Desktop/CSE135/TomCatsServer/webapps/host-manager
18-Apr-2016 13:12:41.761 INFO [localhost-startStop-1] org.apache.catalina.startup.HostConfig.deployDirectory Deployment of web application directory /Users/BlackMonkey/Desktop/CSE135/TomCatsServer/webapps/host-manager has finished in 50 ms
18-Apr-2016 13:12:41.762 INFO [localhost-startStop-1] org.apache.catalina.startup.HostConfig.deployDirectory Deploying web application directory /Users/BlackMonkey/Desktop/CSE135/TomCatsServer/webapps/manager
18-Apr-2016 13:12:41.804 INFO [localhost-startStop-1] org.apache.catalina.startup.HostConfig.deployDirectory Deployment of web application directory /Users/BlackMonkey/Desktop/CSE135/TomCatsServer/webapps/manager has finished in 42 ms
18-Apr-2016 13:12:41.804 INFO [localhost-startStop-1] org.apache.catalina.startup.HostConfig.deployDirectory Deploying web application directory /Users/BlackMonkey/Desktop/CSE135/TomCatsServer/webapps/ROOT
18-Apr-2016 13:12:41.835 INFO [localhost-startStop-1] org.apache.catalina.startup.HostConfig.deployDirectory Deployment of web application directory /Users/BlackMonkey/Desktop/CSE135/TomCatsServer/webapps/ROOT has finished in 31 ms
18-Apr-2016 13:12:41.836 INFO [localhost-startStop-1] org.apache.catalina.startup.HostConfig.deployDirectory Deploying web application directory /Users/BlackMonkey/Desktop/CSE135/TomCatsServer/webapps/storeWebPage
18-Apr-2016 13:12:41.883 INFO [localhost-startStop-1] org.apache.catalina.startup.HostConfig.deployDirectory Deployment of web application directory /Users/BlackMonkey/Desktop/CSE135/TomCatsServer/webapps/storeWebPage has finished in 48 ms
18-Apr-2016 13:12:41.888 INFO [main] org.apache.coyote.AbstractProtocol.start Starting ProtocolHandler ["http-nio-2048"]
18-Apr-2016 13:12:41.896 INFO [main] org.apache.coyote.AbstractProtocol.start Starting ProtocolHandler ["ajp-nio-8009"]
18-Apr-2016 13:12:41.897 INFO [main] org.apache.catalina.startup.Catalina.start Server startup in 1338 ms
18-Apr-2016 13:14:26.206 INFO [main] org.apache.catalina.core.StandardServer.await A valid shutdown command was received via the shutdown port. Stopping the Server instance.
18-Apr-2016 13:14:26.207 INFO [main] org.apache.coyote.AbstractProtocol.pause Pausing ProtocolHandler ["http-nio-2048"]
18-Apr-2016 13:14:26.264 INFO [main] org.apache.coyote.AbstractProtocol.pause Pausing ProtocolHandler ["ajp-nio-8009"]
18-Apr-2016 13:14:26.319 INFO [main] org.apache.catalina.core.StandardService.stopInternal Stopping service Catalina
18-Apr-2016 13:14:26.374 INFO [main] org.apache.coyote.AbstractProtocol.stop Stopping ProtocolHandler ["http-nio-2048"]
18-Apr-2016 13:14:26.375 INFO [main] org.apache.coyote.AbstractProtocol.stop Stopping ProtocolHandler ["ajp-nio-8009"]
18-Apr-2016 13:14:26.442 INFO [main] org.apache.coyote.AbstractProtocol.destroy Destroying ProtocolHandler ["http-nio-2048"]
18-Apr-2016 13:14:26.443 INFO [main] org.apache.coyote.AbstractProtocol.destroy Destroying ProtocolHandler ["ajp-nio-8009"]
18-Apr-2016 13:19:12.125 INFO [main] org.apache.catalina.startup.VersionLoggerListener.log Server version:        Apache Tomcat/8.0.33
18-Apr-2016 13:19:12.127 INFO [main] org.apache.catalina.startup.VersionLoggerListener.log Server built:          Mar 18 2016 20:31:49 UTC
18-Apr-2016 13:19:12.127 INFO [main] org.apache.catalina.startup.VersionLoggerListener.log Server number:         8.0.33.0
18-Apr-2016 13:19:12.127 INFO [main] org.apache.catalina.startup.VersionLoggerListener.log OS Name:               Mac OS X
18-Apr-2016 13:19:12.128 INFO [main] org.apache.catalina.startup.VersionLoggerListener.log OS Version:            10.11.3
18-Apr-2016 13:19:12.128 INFO [main] org.apache.catalina.startup.VersionLoggerListener.log Architecture:          x86_64
18-Apr-2016 13:19:12.128 INFO [main] org.apache.catalina.startup.VersionLoggerListener.log Java Home:             /Library/Java/JavaVirtualMachines/jdk1.7.0_79.jdk/Contents/Home/jre
18-Apr-2016 13:19:12.128 INFO [main] org.apache.catalina.startup.VersionLoggerListener.log JVM Version:           1.7.0_79-b15
18-Apr-2016 13:19:12.128 INFO [main] org.apache.catalina.startup.VersionLoggerListener.log JVM Vendor:            Oracle Corporation
18-Apr-2016 13:19:12.128 INFO [main] org.apache.catalina.startup.VersionLoggerListener.log CATALINA_BASE:         /Users/BlackMonkey/Desktop/CSE135/TomCatsServer
18-Apr-2016 13:19:12.129 INFO [main] org.apache.catalina.startup.VersionLoggerListener.log CATALINA_HOME:         /Users/BlackMonkey/Desktop/CSE135/TomCatsServer
18-Apr-2016 13:19:12.130 INFO [main] org.apache.catalina.startup.VersionLoggerListener.log Command line argument: -Djava.util.logging.config.file=/Users/BlackMonkey/Desktop/CSE135/TomCatsServer/conf/logging.properties
18-Apr-2016 13:19:12.130 INFO [main] org.apache.catalina.startup.VersionLoggerListener.log Command line argument: -Djava.util.logging.manager=org.apache.juli.ClassLoaderLogManager
18-Apr-2016 13:19:12.130 INFO [main] org.apache.catalina.startup.VersionLoggerListener.log Command line argument: -Djava.endorsed.dirs=/Users/BlackMonkey/Desktop/CSE135/TomCatsServer/endorsed
18-Apr-2016 13:19:12.130 INFO [main] org.apache.catalina.startup.VersionLoggerListener.log Command line argument: -Dcatalina.base=/Users/BlackMonkey/Desktop/CSE135/TomCatsServer
18-Apr-2016 13:19:12.130 INFO [main] org.apache.catalina.startup.VersionLoggerListener.log Command line argument: -Dcatalina.home=/Users/BlackMonkey/Desktop/CSE135/TomCatsServer
18-Apr-2016 13:19:12.131 INFO [main] org.apache.catalina.startup.VersionLoggerListener.log Command line argument: -Djava.io.tmpdir=/Users/BlackMonkey/Desktop/CSE135/TomCatsServer/temp
18-Apr-2016 13:19:12.131 INFO [main] org.apache.catalina.core.AprLifecycleListener.lifecycleEvent The APR based Apache Tomcat Native library which allows optimal performance in production environments was not found on the java.library.path: /Users/BlackMonkey/Library/Java/Extensions:/Library/Java/Extensions:/Network/Library/Java/Extensions:/System/Library/Java/Extensions:/usr/lib/java:.
18-Apr-2016 13:19:12.310 INFO [main] org.apache.coyote.AbstractProtocol.init Initializing ProtocolHandler ["http-nio-2048"]
18-Apr-2016 13:19:12.339 INFO [main] org.apache.tomcat.util.net.NioSelectorPool.getSharedSelector Using a shared selector for servlet write/read
18-Apr-2016 13:19:12.344 INFO [main] org.apache.coyote.AbstractProtocol.init Initializing ProtocolHandler ["ajp-nio-8009"]
18-Apr-2016 13:19:12.347 INFO [main] org.apache.tomcat.util.net.NioSelectorPool.getSharedSelector Using a shared selector for servlet write/read
18-Apr-2016 13:19:12.347 INFO [main] org.apache.catalina.startup.Catalina.load Initialization processed in 816 ms
18-Apr-2016 13:19:12.397 INFO [main] org.apache.catalina.core.StandardService.startInternal Starting service Catalina
18-Apr-2016 13:19:12.398 INFO [main] org.apache.catalina.core.StandardEngine.startInternal Starting Servlet Engine: Apache Tomcat/8.0.33
18-Apr-2016 13:19:12.408 INFO [localhost-startStop-1] org.apache.catalina.startup.HostConfig.deployDirectory Deploying web application directory /Users/BlackMonkey/Desktop/CSE135/TomCatsServer/webapps/docs
18-Apr-2016 13:19:12.876 INFO [localhost-startStop-1] org.apache.catalina.startup.HostConfig.deployDirectory Deployment of web application directory /Users/BlackMonkey/Desktop/CSE135/TomCatsServer/webapps/docs has finished in 467 ms
18-Apr-2016 13:19:12.877 INFO [localhost-startStop-1] org.apache.catalina.startup.HostConfig.deployDirectory Deploying web application directory /Users/BlackMonkey/Desktop/CSE135/TomCatsServer/webapps/examples
18-Apr-2016 13:19:13.309 INFO [localhost-startStop-1] org.apache.catalina.startup.HostConfig.deployDirectory Deployment of web application directory /Users/BlackMonkey/Desktop/CSE135/TomCatsServer/webapps/examples has finished in 432 ms
18-Apr-2016 13:19:13.309 INFO [localhost-startStop-1] org.apache.catalina.startup.HostConfig.deployDirectory Deploying web application directory /Users/BlackMonkey/Desktop/CSE135/TomCatsServer/webapps/host-manager
18-Apr-2016 13:19:13.351 INFO [localhost-startStop-1] org.apache.catalina.startup.HostConfig.deployDirectory Deployment of web application directory /Users/BlackMonkey/Desktop/CSE135/TomCatsServer/webapps/host-manager has finished in 42 ms
18-Apr-2016 13:19:13.351 INFO [localhost-startStop-1] org.apache.catalina.startup.HostConfig.deployDirectory Deploying web application directory /Users/BlackMonkey/Desktop/CSE135/TomCatsServer/webapps/manager
18-Apr-2016 13:19:13.387 INFO [localhost-startStop-1] org.apache.catalina.startup.HostConfig.deployDirectory Deployment of web application directory /Users/BlackMonkey/Desktop/CSE135/TomCatsServer/webapps/manager has finished in 36 ms
18-Apr-2016 13:19:13.388 INFO [localhost-startStop-1] org.apache.catalina.startup.HostConfig.deployDirectory Deploying web application directory /Users/BlackMonkey/Desktop/CSE135/TomCatsServer/webapps/ROOT
18-Apr-2016 13:19:13.416 INFO [localhost-startStop-1] org.apache.catalina.startup.HostConfig.deployDirectory Deployment of web application directory /Users/BlackMonkey/Desktop/CSE135/TomCatsServer/webapps/ROOT has finished in 28 ms
18-Apr-2016 13:19:13.417 INFO [localhost-startStop-1] org.apache.catalina.startup.HostConfig.deployDirectory Deploying web application directory /Users/BlackMonkey/Desktop/CSE135/TomCatsServer/webapps/storeWebPage
18-Apr-2016 13:19:13.480 INFO [localhost-startStop-1] org.apache.catalina.startup.HostConfig.deployDirectory Deployment of web application directory /Users/BlackMonkey/Desktop/CSE135/TomCatsServer/webapps/storeWebPage has finished in 64 ms
18-Apr-2016 13:19:13.484 INFO [main] org.apache.coyote.AbstractProtocol.start Starting ProtocolHandler ["http-nio-2048"]
18-Apr-2016 13:19:13.491 INFO [main] org.apache.coyote.AbstractProtocol.start Starting ProtocolHandler ["ajp-nio-8009"]
18-Apr-2016 13:19:13.492 INFO [main] org.apache.catalina.startup.Catalina.start Server startup in 1144 ms
18-Apr-2016 13:30:05.322 INFO [ContainerBackgroundProcessor[StandardEngine[Catalina]]] org.apache.catalina.startup.HostConfig.reload Reloading context [/storeWebPage]
18-Apr-2016 13:30:05.326 INFO [ContainerBackgroundProcessor[StandardEngine[Catalina]]] org.apache.catalina.core.StandardContext.reload Reloading Context with name [/storeWebPage] has started
18-Apr-2016 13:30:05.361 INFO [ContainerBackgroundProcessor[StandardEngine[Catalina]]] org.apache.catalina.core.StandardContext.reload Reloading Context with name [/storeWebPage] is completed
18-Apr-2016 17:31:37.265 INFO [Thread-5] org.apache.coyote.AbstractProtocol.pause Pausing ProtocolHandler ["http-nio-2048"]
18-Apr-2016 17:31:40.353 INFO [Thread-5] org.apache.coyote.AbstractProtocol.pause Pausing ProtocolHandler ["ajp-nio-8009"]
18-Apr-2016 17:31:40.407 INFO [Thread-5] org.apache.catalina.core.StandardService.stopInternal Stopping service Catalina
18-Apr-2016 17:31:40.456 INFO [Thread-5] org.apache.coyote.AbstractProtocol.stop Stopping ProtocolHandler ["http-nio-2048"]
18-Apr-2016 17:31:40.486 INFO [Thread-5] org.apache.coyote.AbstractProtocol.stop Stopping ProtocolHandler ["ajp-nio-8009"]
18-Apr-2016 17:31:40.490 INFO [Thread-5] org.apache.coyote.AbstractProtocol.destroy Destroying ProtocolHandler ["http-nio-2048"]
18-Apr-2016 17:31:40.492 INFO [Thread-5] org.apache.coyote.AbstractProtocol.destroy Destroying ProtocolHandler ["ajp-nio-8009"]
11-May-2016 15:18:40.089 INFO [main] org.apache.catalina.startup.VersionLoggerListener.log Server version:        Apache Tomcat/8.0.33
11-May-2016 15:18:40.091 INFO [main] org.apache.catalina.startup.VersionLoggerListener.log Server built:          Mar 18 2016 20:31:49 UTC
11-May-2016 15:18:40.091 INFO [main] org.apache.catalina.startup.VersionLoggerListener.log Server number:         8.0.33.0
11-May-2016 15:18:40.091 INFO [main] org.apache.catalina.startup.VersionLoggerListener.log OS Name:               Mac OS X
11-May-2016 15:18:40.091 INFO [main] org.apache.catalina.startup.VersionLoggerListener.log OS Version:            10.11.3
11-May-2016 15:18:40.091 INFO [main] org.apache.catalina.startup.VersionLoggerListener.log Architecture:          x86_64
11-May-2016 15:18:40.091 INFO [main] org.apache.catalina.startup.VersionLoggerListener.log Java Home:             /Library/Java/JavaVirtualMachines/jdk1.8.0_91.jdk/Contents/Home/jre
11-May-2016 15:18:40.091 INFO [main] org.apache.catalina.startup.VersionLoggerListener.log JVM Version:           1.8.0_91-b14
11-May-2016 15:18:40.092 INFO [main] org.apache.catalina.startup.VersionLoggerListener.log JVM Vendor:            Oracle Corporation
11-May-2016 15:18:40.092 INFO [main] org.apache.catalina.startup.VersionLoggerListener.log CATALINA_BASE:         /Users/BlackMonkey/Desktop/CSE135/TomCatsServer
11-May-2016 15:18:40.092 INFO [main] org.apache.catalina.startup.VersionLoggerListener.log CATALINA_HOME:         /Users/BlackMonkey/Desktop/CSE135/TomCatsServer
11-May-2016 15:18:40.093 INFO [main] org.apache.catalina.startup.VersionLoggerListener.log Command line argument: -Djava.util.logging.config.file=/Users/BlackMonkey/Desktop/CSE135/TomCatsServer/conf/logging.properties
11-May-2016 15:18:40.093 INFO [main] org.apache.catalina.startup.VersionLoggerListener.log Command line argument: -Djava.util.logging.manager=org.apache.juli.ClassLoaderLogManager
11-May-2016 15:18:40.093 INFO [main] org.apache.catalina.startup.VersionLoggerListener.log Command line argument: -Djava.endorsed.dirs=/Users/BlackMonkey/Desktop/CSE135/TomCatsServer/endorsed
11-May-2016 15:18:40.093 INFO [main] org.apache.catalina.startup.VersionLoggerListener.log Command line argument: -Dcatalina.base=/Users/BlackMonkey/Desktop/CSE135/TomCatsServer
11-May-2016 15:18:40.093 INFO [main] org.apache.catalina.startup.VersionLoggerListener.log Command line argument: -Dcatalina.home=/Users/BlackMonkey/Desktop/CSE135/TomCatsServer
11-May-2016 15:18:40.093 INFO [main] org.apache.catalina.startup.VersionLoggerListener.log Command line argument: -Djava.io.tmpdir=/Users/BlackMonkey/Desktop/CSE135/TomCatsServer/temp
11-May-2016 15:18:40.094 INFO [main] org.apache.catalina.core.AprLifecycleListener.lifecycleEvent The APR based Apache Tomcat Native library which allows optimal performance in production environments was not found on the java.library.path: /Users/BlackMonkey/Library/Java/Extensions:/Library/Java/Extensions:/Network/Library/Java/Extensions:/System/Library/Java/Extensions:/usr/lib/java:.
11-May-2016 15:18:40.283 INFO [main] org.apache.coyote.AbstractProtocol.init Initializing ProtocolHandler ["http-nio-2048"]
11-May-2016 15:18:40.320 SEVERE [main] org.apache.coyote.AbstractProtocol.init Failed to initialize end point associated with ProtocolHandler ["http-nio-2048"]
 java.net.BindException: Address already in use
	at sun.nio.ch.Net.bind0(Native Method)
	at sun.nio.ch.Net.bind(Net.java:433)
	at sun.nio.ch.Net.bind(Net.java:425)
	at sun.nio.ch.ServerSocketChannelImpl.bind(ServerSocketChannelImpl.java:223)
	at sun.nio.ch.ServerSocketAdaptor.bind(ServerSocketAdaptor.java:74)
	at org.apache.tomcat.util.net.NioEndpoint.bind(NioEndpoint.java:340)
	at org.apache.tomcat.util.net.AbstractEndpoint.init(AbstractEndpoint.java:750)
	at org.apache.coyote.AbstractProtocol.init(AbstractProtocol.java:458)
	at org.apache.coyote.http11.AbstractHttp11JsseProtocol.init(AbstractHttp11JsseProtocol.java:120)
	at org.apache.catalina.connector.Connector.initInternal(Connector.java:960)
	at org.apache.catalina.util.LifecycleBase.init(LifecycleBase.java:102)
	at org.apache.catalina.core.StandardService.initInternal(StandardService.java:568)
	at org.apache.catalina.util.LifecycleBase.init(LifecycleBase.java:102)
	at org.apache.catalina.core.StandardServer.initInternal(StandardServer.java:869)
	at org.apache.catalina.util.LifecycleBase.init(LifecycleBase.java:102)
	at org.apache.catalina.startup.Catalina.load(Catalina.java:580)
	at org.apache.catalina.startup.Catalina.load(Catalina.java:603)
	at sun.reflect.NativeMethodAccessorImpl.invoke0(Native Method)
	at sun.reflect.NativeMethodAccessorImpl.invoke(NativeMethodAccessorImpl.java:62)
	at sun.reflect.DelegatingMethodAccessorImpl.invoke(DelegatingMethodAccessorImpl.java:43)
	at java.lang.reflect.Method.invoke(Method.java:498)
	at org.apache.catalina.startup.Bootstrap.load(Bootstrap.java:310)
	at org.apache.catalina.startup.Bootstrap.main(Bootstrap.java:484)

11-May-2016 15:18:40.322 SEVERE [main] org.apache.catalina.core.StandardService.initInternal Failed to initialize connector [Connector[HTTP/1.1-2048]]
 org.apache.catalina.LifecycleException: Failed to initialize component [Connector[HTTP/1.1-2048]]
	at org.apache.catalina.util.LifecycleBase.init(LifecycleBase.java:106)
	at org.apache.catalina.core.StandardService.initInternal(StandardService.java:568)
	at org.apache.catalina.util.LifecycleBase.init(LifecycleBase.java:102)
	at org.apache.catalina.core.StandardServer.initInternal(StandardServer.java:869)
	at org.apache.catalina.util.LifecycleBase.init(LifecycleBase.java:102)
	at org.apache.catalina.startup.Catalina.load(Catalina.java:580)
	at org.apache.catalina.startup.Catalina.load(Catalina.java:603)
	at sun.reflect.NativeMethodAccessorImpl.invoke0(Native Method)
	at sun.reflect.NativeMethodAccessorImpl.invoke(NativeMethodAccessorImpl.java:62)
	at sun.reflect.DelegatingMethodAccessorImpl.invoke(DelegatingMethodAccessorImpl.java:43)
	at java.lang.reflect.Method.invoke(Method.java:498)
	at org.apache.catalina.startup.Bootstrap.load(Bootstrap.java:310)
	at org.apache.catalina.startup.Bootstrap.main(Bootstrap.java:484)
Caused by: org.apache.catalina.LifecycleException: Protocol handler initialization failed
	at org.apache.catalina.connector.Connector.initInternal(Connector.java:962)
	at org.apache.catalina.util.LifecycleBase.init(LifecycleBase.java:102)
	... 12 more
Caused by: java.net.BindException: Address already in use
	at sun.nio.ch.Net.bind0(Native Method)
	at sun.nio.ch.Net.bind(Net.java:433)
	at sun.nio.ch.Net.bind(Net.java:425)
	at sun.nio.ch.ServerSocketChannelImpl.bind(ServerSocketChannelImpl.java:223)
	at sun.nio.ch.ServerSocketAdaptor.bind(ServerSocketAdaptor.java:74)
	at org.apache.tomcat.util.net.NioEndpoint.bind(NioEndpoint.java:340)
	at org.apache.tomcat.util.net.AbstractEndpoint.init(AbstractEndpoint.java:750)
	at org.apache.coyote.AbstractProtocol.init(AbstractProtocol.java:458)
	at org.apache.coyote.http11.AbstractHttp11JsseProtocol.init(AbstractHttp11JsseProtocol.java:120)
	at org.apache.catalina.connector.Connector.initInternal(Connector.java:960)
	... 13 more

11-May-2016 15:18:40.324 INFO [main] org.apache.coyote.AbstractProtocol.init Initializing ProtocolHandler ["ajp-nio-8009"]
11-May-2016 15:18:40.326 SEVERE [main] org.apache.coyote.AbstractProtocol.init Failed to initialize end point associated with ProtocolHandler ["ajp-nio-8009"]
 java.net.BindException: Address already in use
	at sun.nio.ch.Net.bind0(Native Method)
	at sun.nio.ch.Net.bind(Net.java:433)
	at sun.nio.ch.Net.bind(Net.java:425)
	at sun.nio.ch.ServerSocketChannelImpl.bind(ServerSocketChannelImpl.java:223)
	at sun.nio.ch.ServerSocketAdaptor.bind(ServerSocketAdaptor.java:74)
	at org.apache.tomcat.util.net.NioEndpoint.bind(NioEndpoint.java:340)
	at org.apache.tomcat.util.net.AbstractEndpoint.init(AbstractEndpoint.java:750)
	at org.apache.coyote.AbstractProtocol.init(AbstractProtocol.java:458)
	at org.apache.catalina.connector.Connector.initInternal(Connector.java:960)
	at org.apache.catalina.util.LifecycleBase.init(LifecycleBase.java:102)
	at org.apache.catalina.core.StandardService.initInternal(StandardService.java:568)
	at org.apache.catalina.util.LifecycleBase.init(LifecycleBase.java:102)
	at org.apache.catalina.core.StandardServer.initInternal(StandardServer.java:869)
	at org.apache.catalina.util.LifecycleBase.init(LifecycleBase.java:102)
	at org.apache.catalina.startup.Catalina.load(Catalina.java:580)
	at org.apache.catalina.startup.Catalina.load(Catalina.java:603)
	at sun.reflect.NativeMethodAccessorImpl.invoke0(Native Method)
	at sun.reflect.NativeMethodAccessorImpl.invoke(NativeMethodAccessorImpl.java:62)
	at sun.reflect.DelegatingMethodAccessorImpl.invoke(DelegatingMethodAccessorImpl.java:43)
	at java.lang.reflect.Method.invoke(Method.java:498)
	at org.apache.catalina.startup.Bootstrap.load(Bootstrap.java:310)
	at org.apache.catalina.startup.Bootstrap.main(Bootstrap.java:484)

11-May-2016 15:18:40.326 SEVERE [main] org.apache.catalina.core.StandardService.initInternal Failed to initialize connector [Connector[AJP/1.3-8009]]
 org.apache.catalina.LifecycleException: Failed to initialize component [Connector[AJP/1.3-8009]]
	at org.apache.catalina.util.LifecycleBase.init(LifecycleBase.java:106)
	at org.apache.catalina.core.StandardService.initInternal(StandardService.java:568)
	at org.apache.catalina.util.LifecycleBase.init(LifecycleBase.java:102)
	at org.apache.catalina.core.StandardServer.initInternal(StandardServer.java:869)
	at org.apache.catalina.util.LifecycleBase.init(LifecycleBase.java:102)
	at org.apache.catalina.startup.Catalina.load(Catalina.java:580)
	at org.apache.catalina.startup.Catalina.load(Catalina.java:603)
	at sun.reflect.NativeMethodAccessorImpl.invoke0(Native Method)
	at sun.reflect.NativeMethodAccessorImpl.invoke(NativeMethodAccessorImpl.java:62)
	at sun.reflect.DelegatingMethodAccessorImpl.invoke(DelegatingMethodAccessorImpl.java:43)
	at java.lang.reflect.Method.invoke(Method.java:498)
	at org.apache.catalina.startup.Bootstrap.load(Bootstrap.java:310)
	at org.apache.catalina.startup.Bootstrap.main(Bootstrap.java:484)
Caused by: org.apache.catalina.LifecycleException: Protocol handler initialization failed
	at org.apache.catalina.connector.Connector.initInternal(Connector.java:962)
	at org.apache.catalina.util.LifecycleBase.init(LifecycleBase.java:102)
	... 12 more
Caused by: java.net.BindException: Address already in use
	at sun.nio.ch.Net.bind0(Native Method)
	at sun.nio.ch.Net.bind(Net.java:433)
	at sun.nio.ch.Net.bind(Net.java:425)
	at sun.nio.ch.ServerSocketChannelImpl.bind(ServerSocketChannelImpl.java:223)
	at sun.nio.ch.ServerSocketAdaptor.bind(ServerSocketAdaptor.java:74)
	at org.apache.tomcat.util.net.NioEndpoint.bind(NioEndpoint.java:340)
	at org.apache.tomcat.util.net.AbstractEndpoint.init(AbstractEndpoint.java:750)
	at org.apache.coyote.AbstractProtocol.init(AbstractProtocol.java:458)
	at org.apache.catalina.connector.Connector.initInternal(Connector.java:960)
	... 13 more

11-May-2016 15:18:40.327 INFO [main] org.apache.catalina.startup.Catalina.load Initialization processed in 806 ms
11-May-2016 15:18:40.357 INFO [main] org.apache.catalina.core.StandardService.startInternal Starting service Catalina
11-May-2016 15:18:40.357 INFO [main] org.apache.catalina.core.StandardEngine.startInternal Starting Servlet Engine: Apache Tomcat/8.0.33
11-May-2016 15:18:40.370 INFO [localhost-startStop-1] org.apache.catalina.startup.HostConfig.deployDirectory Deploying web application directory /Users/BlackMonkey/Desktop/CSE135/TomCatsServer/webapps/docs
11-May-2016 15:18:40.725 INFO [localhost-startStop-1] org.apache.catalina.startup.HostConfig.deployDirectory Deployment of web application directory /Users/BlackMonkey/Desktop/CSE135/TomCatsServer/webapps/docs has finished in 354 ms
11-May-2016 15:18:40.725 INFO [localhost-startStop-1] org.apache.catalina.startup.HostConfig.deployDirectory Deploying web application directory /Users/BlackMonkey/Desktop/CSE135/TomCatsServer/webapps/examples
11-May-2016 15:18:41.137 INFO [localhost-startStop-1] org.apache.catalina.startup.HostConfig.deployDirectory Deployment of web application directory /Users/BlackMonkey/Desktop/CSE135/TomCatsServer/webapps/examples has finished in 411 ms
11-May-2016 15:18:41.137 INFO [localhost-startStop-1] org.apache.catalina.startup.HostConfig.deployDirectory Deploying web application directory /Users/BlackMonkey/Desktop/CSE135/TomCatsServer/webapps/host-manager
11-May-2016 15:18:41.169 INFO [localhost-startStop-1] org.apache.catalina.startup.HostConfig.deployDirectory Deployment of web application directory /Users/BlackMonkey/Desktop/CSE135/TomCatsServer/webapps/host-manager has finished in 32 ms
11-May-2016 15:18:41.169 INFO [localhost-startStop-1] org.apache.catalina.startup.HostConfig.deployDirectory Deploying web application directory /Users/BlackMonkey/Desktop/CSE135/TomCatsServer/webapps/manager
11-May-2016 15:18:41.201 INFO [localhost-startStop-1] org.apache.catalina.startup.HostConfig.deployDirectory Deployment of web application directory /Users/BlackMonkey/Desktop/CSE135/TomCatsServer/webapps/manager has finished in 32 ms
11-May-2016 15:18:41.201 INFO [localhost-startStop-1] org.apache.catalina.startup.HostConfig.deployDirectory Deploying web application directory /Users/BlackMonkey/Desktop/CSE135/TomCatsServer/webapps/ROOT
11-May-2016 15:18:41.222 INFO [localhost-startStop-1] org.apache.catalina.startup.HostConfig.deployDirectory Deployment of web application directory /Users/BlackMonkey/Desktop/CSE135/TomCatsServer/webapps/ROOT has finished in 21 ms
11-May-2016 15:18:41.223 INFO [localhost-startStop-1] org.apache.catalina.startup.HostConfig.deployDirectory Deploying web application directory /Users/BlackMonkey/Desktop/CSE135/TomCatsServer/webapps/storeWebPage
11-May-2016 15:18:41.253 INFO [localhost-startStop-1] org.apache.catalina.startup.HostConfig.deployDirectory Deployment of web application directory /Users/BlackMonkey/Desktop/CSE135/TomCatsServer/webapps/storeWebPage has finished in 30 ms
11-May-2016 15:18:41.256 INFO [main] org.apache.catalina.startup.Catalina.start Server startup in 929 ms
11-May-2016 15:18:41.261 SEVERE [main] org.apache.catalina.core.StandardServer.await StandardServer.await: create[localhost:8005]: 
 java.net.BindException: Address already in use
	at java.net.PlainSocketImpl.socketBind(Native Method)
	at java.net.AbstractPlainSocketImpl.bind(AbstractPlainSocketImpl.java:387)
	at java.net.ServerSocket.bind(ServerSocket.java:375)
	at java.net.ServerSocket.<init>(ServerSocket.java:237)
	at org.apache.catalina.core.StandardServer.await(StandardServer.java:438)
	at org.apache.catalina.startup.Catalina.await(Catalina.java:717)
	at org.apache.catalina.startup.Catalina.start(Catalina.java:663)
	at sun.reflect.NativeMethodAccessorImpl.invoke0(Native Method)
	at sun.reflect.NativeMethodAccessorImpl.invoke(NativeMethodAccessorImpl.java:62)
	at sun.reflect.DelegatingMethodAccessorImpl.invoke(DelegatingMethodAccessorImpl.java:43)
	at java.lang.reflect.Method.invoke(Method.java:498)
	at org.apache.catalina.startup.Bootstrap.start(Bootstrap.java:351)
	at org.apache.catalina.startup.Bootstrap.main(Bootstrap.java:485)

11-May-2016 15:18:41.262 INFO [main] org.apache.coyote.AbstractProtocol.pause Pausing ProtocolHandler ["http-nio-2048"]
11-May-2016 15:18:41.262 INFO [main] org.apache.coyote.AbstractProtocol.pause Pausing ProtocolHandler ["ajp-nio-8009"]
11-May-2016 15:18:41.262 INFO [main] org.apache.catalina.core.StandardService.stopInternal Stopping service Catalina
11-May-2016 15:18:41.292 INFO [main] org.apache.coyote.AbstractProtocol.stop Stopping ProtocolHandler ["http-nio-2048"]
11-May-2016 15:18:41.292 INFO [main] org.apache.coyote.AbstractProtocol.destroy Destroying ProtocolHandler ["http-nio-2048"]
11-May-2016 15:18:41.292 INFO [main] org.apache.coyote.AbstractProtocol.stop Stopping ProtocolHandler ["ajp-nio-8009"]
11-May-2016 15:18:41.292 INFO [main] org.apache.coyote.AbstractProtocol.destroy Destroying ProtocolHandler ["ajp-nio-8009"]
11-May-2016 15:19:26.807 INFO [main] org.apache.catalina.startup.VersionLoggerListener.log Server version:        Apache Tomcat/8.0.33
11-May-2016 15:19:26.813 INFO [main] org.apache.catalina.startup.VersionLoggerListener.log Server built:          Mar 18 2016 20:31:49 UTC
11-May-2016 15:19:26.813 INFO [main] org.apache.catalina.startup.VersionLoggerListener.log Server number:         8.0.33.0
11-May-2016 15:19:26.813 INFO [main] org.apache.catalina.startup.VersionLoggerListener.log OS Name:               Mac OS X
11-May-2016 15:19:26.813 INFO [main] org.apache.catalina.startup.VersionLoggerListener.log OS Version:            10.11.3
11-May-2016 15:19:26.813 INFO [main] org.apache.catalina.startup.VersionLoggerListener.log Architecture:          x86_64
11-May-2016 15:19:26.814 INFO [main] org.apache.catalina.startup.VersionLoggerListener.log Java Home:             /Library/Java/JavaVirtualMachines/jdk1.8.0_91.jdk/Contents/Home/jre
11-May-2016 15:19:26.814 INFO [main] org.apache.catalina.startup.VersionLoggerListener.log JVM Version:           1.8.0_91-b14
11-May-2016 15:19:26.814 INFO [main] org.apache.catalina.startup.VersionLoggerListener.log JVM Vendor:            Oracle Corporation
11-May-2016 15:19:26.814 INFO [main] org.apache.catalina.startup.VersionLoggerListener.log CATALINA_BASE:         /Users/BlackMonkey/Desktop/CSE135/TomCatsServer
11-May-2016 15:19:26.814 INFO [main] org.apache.catalina.startup.VersionLoggerListener.log CATALINA_HOME:         /Users/BlackMonkey/Desktop/CSE135/TomCatsServer
11-May-2016 15:19:26.815 INFO [main] org.apache.catalina.startup.VersionLoggerListener.log Command line argument: -Djava.util.logging.config.file=/Users/BlackMonkey/Desktop/CSE135/TomCatsServer/conf/logging.properties
11-May-2016 15:19:26.815 INFO [main] org.apache.catalina.startup.VersionLoggerListener.log Command line argument: -Djava.util.logging.manager=org.apache.juli.ClassLoaderLogManager
11-May-2016 15:19:26.815 INFO [main] org.apache.catalina.startup.VersionLoggerListener.log Command line argument: -Djava.endorsed.dirs=/Users/BlackMonkey/Desktop/CSE135/TomCatsServer/endorsed
11-May-2016 15:19:26.816 INFO [main] org.apache.catalina.startup.VersionLoggerListener.log Command line argument: -Dcatalina.base=/Users/BlackMonkey/Desktop/CSE135/TomCatsServer
11-May-2016 15:19:26.816 INFO [main] org.apache.catalina.startup.VersionLoggerListener.log Command line argument: -Dcatalina.home=/Users/BlackMonkey/Desktop/CSE135/TomCatsServer
11-May-2016 15:19:26.816 INFO [main] org.apache.catalina.startup.VersionLoggerListener.log Command line argument: -Djava.io.tmpdir=/Users/BlackMonkey/Desktop/CSE135/TomCatsServer/temp
11-May-2016 15:19:26.816 INFO [main] org.apache.catalina.core.AprLifecycleListener.lifecycleEvent The APR based Apache Tomcat Native library which allows optimal performance in production environments was not found on the java.library.path: /Users/BlackMonkey/Library/Java/Extensions:/Library/Java/Extensions:/Network/Library/Java/Extensions:/System/Library/Java/Extensions:/usr/lib/java:.
11-May-2016 15:19:27.004 INFO [main] org.apache.coyote.AbstractProtocol.init Initializing ProtocolHandler ["http-nio-2048"]
11-May-2016 15:19:27.037 INFO [main] org.apache.tomcat.util.net.NioSelectorPool.getSharedSelector Using a shared selector for servlet write/read
11-May-2016 15:19:27.040 INFO [main] org.apache.coyote.AbstractProtocol.init Initializing ProtocolHandler ["ajp-nio-8009"]
11-May-2016 15:19:27.042 INFO [main] org.apache.tomcat.util.net.NioSelectorPool.getSharedSelector Using a shared selector for servlet write/read
11-May-2016 15:19:27.042 INFO [main] org.apache.catalina.startup.Catalina.load Initialization processed in 774 ms
11-May-2016 15:19:27.071 INFO [main] org.apache.catalina.core.StandardService.startInternal Starting service Catalina
11-May-2016 15:19:27.071 INFO [main] org.apache.catalina.core.StandardEngine.startInternal Starting Servlet Engine: Apache Tomcat/8.0.33
11-May-2016 15:19:27.081 INFO [localhost-startStop-1] org.apache.catalina.startup.HostConfig.deployDirectory Deploying web application directory /Users/BlackMonkey/Desktop/CSE135/TomCatsServer/webapps/docs
11-May-2016 15:19:27.477 INFO [localhost-startStop-1] org.apache.catalina.startup.HostConfig.deployDirectory Deployment of web application directory /Users/BlackMonkey/Desktop/CSE135/TomCatsServer/webapps/docs has finished in 395 ms
11-May-2016 15:19:27.477 INFO [localhost-startStop-1] org.apache.catalina.startup.HostConfig.deployDirectory Deploying web application directory /Users/BlackMonkey/Desktop/CSE135/TomCatsServer/webapps/examples
11-May-2016 15:19:27.946 INFO [localhost-startStop-1] org.apache.catalina.startup.HostConfig.deployDirectory Deployment of web application directory /Users/BlackMonkey/Desktop/CSE135/TomCatsServer/webapps/examples has finished in 469 ms
11-May-2016 15:19:27.947 INFO [localhost-startStop-1] org.apache.catalina.startup.HostConfig.deployDirectory Deploying web application directory /Users/BlackMonkey/Desktop/CSE135/TomCatsServer/webapps/host-manager
11-May-2016 15:19:27.990 INFO [localhost-startStop-1] org.apache.catalina.startup.HostConfig.deployDirectory Deployment of web application directory /Users/BlackMonkey/Desktop/CSE135/TomCatsServer/webapps/host-manager has finished in 43 ms
11-May-2016 15:19:27.990 INFO [localhost-startStop-1] org.apache.catalina.startup.HostConfig.deployDirectory Deploying web application directory /Users/BlackMonkey/Desktop/CSE135/TomCatsServer/webapps/manager
11-May-2016 15:19:28.025 INFO [localhost-startStop-1] org.apache.catalina.startup.HostConfig.deployDirectory Deployment of web application directory /Users/BlackMonkey/Desktop/CSE135/TomCatsServer/webapps/manager has finished in 35 ms
11-May-2016 15:19:28.026 INFO [localhost-startStop-1] org.apache.catalina.startup.HostConfig.deployDirectory Deploying web application directory /Users/BlackMonkey/Desktop/CSE135/TomCatsServer/webapps/ROOT
11-May-2016 15:19:28.052 INFO [localhost-startStop-1] org.apache.catalina.startup.HostConfig.deployDirectory Deployment of web application directory /Users/BlackMonkey/Desktop/CSE135/TomCatsServer/webapps/ROOT has finished in 26 ms
11-May-2016 15:19:28.053 INFO [localhost-startStop-1] org.apache.catalina.startup.HostConfig.deployDirectory Deploying web application directory /Users/BlackMonkey/Desktop/CSE135/TomCatsServer/webapps/storeWebPage
11-May-2016 15:19:28.088 INFO [localhost-startStop-1] org.apache.catalina.startup.HostConfig.deployDirectory Deployment of web application directory /Users/BlackMonkey/Desktop/CSE135/TomCatsServer/webapps/storeWebPage has finished in 35 ms
11-May-2016 15:19:28.093 INFO [main] org.apache.coyote.AbstractProtocol.start Starting ProtocolHandler ["http-nio-2048"]
11-May-2016 15:19:28.102 INFO [main] org.apache.coyote.AbstractProtocol.start Starting ProtocolHandler ["ajp-nio-8009"]
11-May-2016 15:19:28.103 INFO [main] org.apache.catalina.startup.Catalina.start Server startup in 1060 ms
