16-Apr-2016 19:48:04.890 INFO [main] org.apache.catalina.startup.VersionLoggerListener.log Server version:        Apache Tomcat/8.0.33
16-Apr-2016 19:48:04.892 INFO [main] org.apache.catalina.startup.VersionLoggerListener.log Server built:          Mar 18 2016 20:31:49 UTC
16-Apr-2016 19:48:04.892 INFO [main] org.apache.catalina.startup.VersionLoggerListener.log Server number:         8.0.33.0
16-Apr-2016 19:48:04.892 INFO [main] org.apache.catalina.startup.VersionLoggerListener.log OS Name:               Mac OS X
16-Apr-2016 19:48:04.893 INFO [main] org.apache.catalina.startup.VersionLoggerListener.log OS Version:            10.11.3
16-Apr-2016 19:48:04.893 INFO [main] org.apache.catalina.startup.VersionLoggerListener.log Architecture:          x86_64
16-Apr-2016 19:48:04.893 INFO [main] org.apache.catalina.startup.VersionLoggerListener.log Java Home:             /Library/Java/JavaVirtualMachines/jdk1.7.0_79.jdk/Contents/Home/jre
16-Apr-2016 19:48:04.893 INFO [main] org.apache.catalina.startup.VersionLoggerListener.log JVM Version:           1.7.0_79-b15
16-Apr-2016 19:48:04.893 INFO [main] org.apache.catalina.startup.VersionLoggerListener.log JVM Vendor:            Oracle Corporation
16-Apr-2016 19:48:04.893 INFO [main] org.apache.catalina.startup.VersionLoggerListener.log CATALINA_BASE:         /Users/BlackMonkey/Desktop/CSE135/TomCatsServer
16-Apr-2016 19:48:04.894 INFO [main] org.apache.catalina.startup.VersionLoggerListener.log CATALINA_HOME:         /Users/BlackMonkey/Desktop/CSE135/TomCatsServer
16-Apr-2016 19:48:04.895 INFO [main] org.apache.catalina.startup.VersionLoggerListener.log Command line argument: -Djava.util.logging.config.file=/Users/BlackMonkey/Desktop/CSE135/TomCatsServer/conf/logging.properties
16-Apr-2016 19:48:04.895 INFO [main] org.apache.catalina.startup.VersionLoggerListener.log Command line argument: -Djava.util.logging.manager=org.apache.juli.ClassLoaderLogManager
16-Apr-2016 19:48:04.895 INFO [main] org.apache.catalina.startup.VersionLoggerListener.log Command line argument: -Djava.endorsed.dirs=/Users/BlackMonkey/Desktop/CSE135/TomCatsServer/endorsed
16-Apr-2016 19:48:04.895 INFO [main] org.apache.catalina.startup.VersionLoggerListener.log Command line argument: -Dcatalina.base=/Users/BlackMonkey/Desktop/CSE135/TomCatsServer
16-Apr-2016 19:48:04.895 INFO [main] org.apache.catalina.startup.VersionLoggerListener.log Command line argument: -Dcatalina.home=/Users/BlackMonkey/Desktop/CSE135/TomCatsServer
16-Apr-2016 19:48:04.895 INFO [main] org.apache.catalina.startup.VersionLoggerListener.log Command line argument: -Djava.io.tmpdir=/Users/BlackMonkey/Desktop/CSE135/TomCatsServer/temp
16-Apr-2016 19:48:04.896 INFO [main] org.apache.catalina.core.AprLifecycleListener.lifecycleEvent The APR based Apache Tomcat Native library which allows optimal performance in production environments was not found on the java.library.path: /Users/BlackMonkey/Library/Java/Extensions:/Library/Java/Extensions:/Network/Library/Java/Extensions:/System/Library/Java/Extensions:/usr/lib/java:.
16-Apr-2016 19:48:05.134 INFO [main] org.apache.coyote.AbstractProtocol.init Initializing ProtocolHandler ["http-nio-2048"]
16-Apr-2016 19:48:05.189 INFO [main] org.apache.tomcat.util.net.NioSelectorPool.getSharedSelector Using a shared selector for servlet write/read
16-Apr-2016 19:48:05.193 INFO [main] org.apache.coyote.AbstractProtocol.init Initializing ProtocolHandler ["ajp-nio-8009"]
16-Apr-2016 19:48:05.195 INFO [main] org.apache.tomcat.util.net.NioSelectorPool.getSharedSelector Using a shared selector for servlet write/read
16-Apr-2016 19:48:05.196 INFO [main] org.apache.catalina.startup.Catalina.load Initialization processed in 1037 ms
16-Apr-2016 19:48:05.230 INFO [main] org.apache.catalina.core.StandardService.startInternal Starting service Catalina
16-Apr-2016 19:48:05.230 INFO [main] org.apache.catalina.core.StandardEngine.startInternal Starting Servlet Engine: Apache Tomcat/8.0.33
16-Apr-2016 19:48:05.242 INFO [localhost-startStop-1] org.apache.catalina.startup.HostConfig.deployDirectory Deploying web application directory /Users/BlackMonkey/Desktop/CSE135/TomCatsServer/webapps/docs
16-Apr-2016 19:48:05.758 INFO [localhost-startStop-1] org.apache.catalina.startup.HostConfig.deployDirectory Deployment of web application directory /Users/BlackMonkey/Desktop/CSE135/TomCatsServer/webapps/docs has finished in 515 ms
16-Apr-2016 19:48:05.759 INFO [localhost-startStop-1] org.apache.catalina.startup.HostConfig.deployDirectory Deploying web application directory /Users/BlackMonkey/Desktop/CSE135/TomCatsServer/webapps/examples
16-Apr-2016 19:48:06.193 INFO [localhost-startStop-1] org.apache.catalina.startup.HostConfig.deployDirectory Deployment of web application directory /Users/BlackMonkey/Desktop/CSE135/TomCatsServer/webapps/examples has finished in 434 ms
16-Apr-2016 19:48:06.193 INFO [localhost-startStop-1] org.apache.catalina.startup.HostConfig.deployDirectory Deploying web application directory /Users/BlackMonkey/Desktop/CSE135/TomCatsServer/webapps/host-manager
16-Apr-2016 19:48:06.238 INFO [localhost-startStop-1] org.apache.catalina.startup.HostConfig.deployDirectory Deployment of web application directory /Users/BlackMonkey/Desktop/CSE135/TomCatsServer/webapps/host-manager has finished in 45 ms
16-Apr-2016 19:48:06.238 INFO [localhost-startStop-1] org.apache.catalina.startup.HostConfig.deployDirectory Deploying web application directory /Users/BlackMonkey/Desktop/CSE135/TomCatsServer/webapps/manager
16-Apr-2016 19:48:06.274 INFO [localhost-startStop-1] org.apache.catalina.startup.HostConfig.deployDirectory Deployment of web application directory /Users/BlackMonkey/Desktop/CSE135/TomCatsServer/webapps/manager has finished in 35 ms
16-Apr-2016 19:48:06.274 INFO [localhost-startStop-1] org.apache.catalina.startup.HostConfig.deployDirectory Deploying web application directory /Users/BlackMonkey/Desktop/CSE135/TomCatsServer/webapps/ROOT
16-Apr-2016 19:48:06.304 INFO [localhost-startStop-1] org.apache.catalina.startup.HostConfig.deployDirectory Deployment of web application directory /Users/BlackMonkey/Desktop/CSE135/TomCatsServer/webapps/ROOT has finished in 30 ms
16-Apr-2016 19:48:06.308 INFO [main] org.apache.coyote.AbstractProtocol.start Starting ProtocolHandler ["http-nio-2048"]
16-Apr-2016 19:48:06.317 INFO [main] org.apache.coyote.AbstractProtocol.start Starting ProtocolHandler ["ajp-nio-8009"]
16-Apr-2016 19:48:06.318 INFO [main] org.apache.catalina.startup.Catalina.start Server startup in 1121 ms
16-Apr-2016 19:51:36.535 INFO [localhost-startStop-2] org.apache.catalina.startup.HostConfig.deployDirectory Deploying web application directory /Users/BlackMonkey/Desktop/CSE135/TomCatsServer/webapps/hello
16-Apr-2016 19:51:36.591 INFO [localhost-startStop-2] org.apache.catalina.startup.HostConfig.deployDirectory Deployment of web application directory /Users/BlackMonkey/Desktop/CSE135/TomCatsServer/webapps/hello has finished in 56 ms
16-Apr-2016 19:55:36.840 INFO [ContainerBackgroundProcessor[StandardEngine[Catalina]]] org.apache.catalina.startup.HostConfig.reload Reloading context [/hello]
16-Apr-2016 19:55:36.842 INFO [ContainerBackgroundProcessor[StandardEngine[Catalina]]] org.apache.catalina.core.StandardContext.reload Reloading Context with name [/hello] has started
16-Apr-2016 19:55:36.986 INFO [ContainerBackgroundProcessor[StandardEngine[Catalina]]] org.apache.catalina.core.StandardContext.reload Reloading Context with name [/hello] is completed
16-Apr-2016 19:56:30.159 INFO [main] org.apache.catalina.startup.VersionLoggerListener.log Server version:        Apache Tomcat/8.0.33
16-Apr-2016 19:56:30.164 INFO [main] org.apache.catalina.startup.VersionLoggerListener.log Server built:          Mar 18 2016 20:31:49 UTC
16-Apr-2016 19:56:30.164 INFO [main] org.apache.catalina.startup.VersionLoggerListener.log Server number:         8.0.33.0
16-Apr-2016 19:56:30.164 INFO [main] org.apache.catalina.startup.VersionLoggerListener.log OS Name:               Mac OS X
16-Apr-2016 19:56:30.164 INFO [main] org.apache.catalina.startup.VersionLoggerListener.log OS Version:            10.11.3
16-Apr-2016 19:56:30.164 INFO [main] org.apache.catalina.startup.VersionLoggerListener.log Architecture:          x86_64
16-Apr-2016 19:56:30.164 INFO [main] org.apache.catalina.startup.VersionLoggerListener.log Java Home:             /Library/Java/JavaVirtualMachines/jdk1.7.0_79.jdk/Contents/Home/jre
16-Apr-2016 19:56:30.165 INFO [main] org.apache.catalina.startup.VersionLoggerListener.log JVM Version:           1.7.0_79-b15
16-Apr-2016 19:56:30.165 INFO [main] org.apache.catalina.startup.VersionLoggerListener.log JVM Vendor:            Oracle Corporation
16-Apr-2016 19:56:30.165 INFO [main] org.apache.catalina.startup.VersionLoggerListener.log CATALINA_BASE:         /Users/BlackMonkey/Desktop/CSE135/TomCatsServer
16-Apr-2016 19:56:30.165 INFO [main] org.apache.catalina.startup.VersionLoggerListener.log CATALINA_HOME:         /Users/BlackMonkey/Desktop/CSE135/TomCatsServer
16-Apr-2016 19:56:30.166 INFO [main] org.apache.catalina.startup.VersionLoggerListener.log Command line argument: -Djava.util.logging.config.file=/Users/BlackMonkey/Desktop/CSE135/TomCatsServer/conf/logging.properties
16-Apr-2016 19:56:30.166 INFO [main] org.apache.catalina.startup.VersionLoggerListener.log Command line argument: -Djava.util.logging.manager=org.apache.juli.ClassLoaderLogManager
16-Apr-2016 19:56:30.166 INFO [main] org.apache.catalina.startup.VersionLoggerListener.log Command line argument: -Djava.endorsed.dirs=/Users/BlackMonkey/Desktop/CSE135/TomCatsServer/endorsed
16-Apr-2016 19:56:30.166 INFO [main] org.apache.catalina.startup.VersionLoggerListener.log Command line argument: -Dcatalina.base=/Users/BlackMonkey/Desktop/CSE135/TomCatsServer
16-Apr-2016 19:56:30.166 INFO [main] org.apache.catalina.startup.VersionLoggerListener.log Command line argument: -Dcatalina.home=/Users/BlackMonkey/Desktop/CSE135/TomCatsServer
16-Apr-2016 19:56:30.166 INFO [main] org.apache.catalina.startup.VersionLoggerListener.log Command line argument: -Djava.io.tmpdir=/Users/BlackMonkey/Desktop/CSE135/TomCatsServer/temp
16-Apr-2016 19:56:30.166 INFO [main] org.apache.catalina.core.AprLifecycleListener.lifecycleEvent The APR based Apache Tomcat Native library which allows optimal performance in production environments was not found on the java.library.path: /Users/BlackMonkey/Library/Java/Extensions:/Library/Java/Extensions:/Network/Library/Java/Extensions:/System/Library/Java/Extensions:/usr/lib/java:.
16-Apr-2016 19:56:30.356 INFO [main] org.apache.coyote.AbstractProtocol.init Initializing ProtocolHandler ["http-nio-2048"]
16-Apr-2016 19:56:30.388 SEVERE [main] org.apache.coyote.AbstractProtocol.init Failed to initialize end point associated with ProtocolHandler ["http-nio-2048"]
 java.net.BindException: Address already in use
	at sun.nio.ch.Net.bind0(Native Method)
	at sun.nio.ch.Net.bind(Net.java:444)
	at sun.nio.ch.Net.bind(Net.java:436)
	at sun.nio.ch.ServerSocketChannelImpl.bind(ServerSocketChannelImpl.java:214)
	at sun.nio.ch.ServerSocketAdaptor.bind(ServerSocketAdaptor.java:74)
	at org.apache.tomcat.util.net.NioEndpoint.bind(NioEndpoint.java:340)
	at org.apache.tomcat.util.net.AbstractEndpoint.init(AbstractEndpoint.java:750)
	at org.apache.coyote.AbstractProtocol.init(AbstractProtocol.java:458)
	at org.apache.coyote.http11.AbstractHttp11JsseProtocol.init(AbstractHttp11JsseProtocol.java:120)
	at org.apache.catalina.connector.Connector.initInternal(Connector.java:960)
	at org.apache.catalina.util.LifecycleBase.init(LifecycleBase.java:102)
	at org.apache.catalina.core.StandardService.initInternal(StandardService.java:568)
	at org.apache.catalina.util.LifecycleBase.init(LifecycleBase.java:102)
	at org.apache.catalina.core.StandardServer.initInternal(StandardServer.java:869)
	at org.apache.catalina.util.LifecycleBase.init(LifecycleBase.java:102)
	at org.apache.catalina.startup.Catalina.load(Catalina.java:580)
	at org.apache.catalina.startup.Catalina.load(Catalina.java:603)
	at sun.reflect.NativeMethodAccessorImpl.invoke0(Native Method)
	at sun.reflect.NativeMethodAccessorImpl.invoke(NativeMethodAccessorImpl.java:57)
	at sun.reflect.DelegatingMethodAccessorImpl.invoke(DelegatingMethodAccessorImpl.java:43)
	at java.lang.reflect.Method.invoke(Method.java:606)
	at org.apache.catalina.startup.Bootstrap.load(Bootstrap.java:310)
	at org.apache.catalina.startup.Bootstrap.main(Bootstrap.java:484)

16-Apr-2016 19:56:30.400 SEVERE [main] org.apache.catalina.core.StandardService.initInternal Failed to initialize connector [Connector[HTTP/1.1-2048]]
 org.apache.catalina.LifecycleException: Failed to initialize component [Connector[HTTP/1.1-2048]]
	at org.apache.catalina.util.LifecycleBase.init(LifecycleBase.java:106)
	at org.apache.catalina.core.StandardService.initInternal(StandardService.java:568)
	at org.apache.catalina.util.LifecycleBase.init(LifecycleBase.java:102)
	at org.apache.catalina.core.StandardServer.initInternal(StandardServer.java:869)
	at org.apache.catalina.util.LifecycleBase.init(LifecycleBase.java:102)
	at org.apache.catalina.startup.Catalina.load(Catalina.java:580)
	at org.apache.catalina.startup.Catalina.load(Catalina.java:603)
	at sun.reflect.NativeMethodAccessorImpl.invoke0(Native Method)
	at sun.reflect.NativeMethodAccessorImpl.invoke(NativeMethodAccessorImpl.java:57)
	at sun.reflect.DelegatingMethodAccessorImpl.invoke(DelegatingMethodAccessorImpl.java:43)
	at java.lang.reflect.Method.invoke(Method.java:606)
	at org.apache.catalina.startup.Bootstrap.load(Bootstrap.java:310)
	at org.apache.catalina.startup.Bootstrap.main(Bootstrap.java:484)
Caused by: org.apache.catalina.LifecycleException: Protocol handler initialization failed
	at org.apache.catalina.connector.Connector.initInternal(Connector.java:962)
	at org.apache.catalina.util.LifecycleBase.init(LifecycleBase.java:102)
	... 12 more
Caused by: java.net.BindException: Address already in use
	at sun.nio.ch.Net.bind0(Native Method)
	at sun.nio.ch.Net.bind(Net.java:444)
	at sun.nio.ch.Net.bind(Net.java:436)
	at sun.nio.ch.ServerSocketChannelImpl.bind(ServerSocketChannelImpl.java:214)
	at sun.nio.ch.ServerSocketAdaptor.bind(ServerSocketAdaptor.java:74)
	at org.apache.tomcat.util.net.NioEndpoint.bind(NioEndpoint.java:340)
	at org.apache.tomcat.util.net.AbstractEndpoint.init(AbstractEndpoint.java:750)
	at org.apache.coyote.AbstractProtocol.init(AbstractProtocol.java:458)
	at org.apache.coyote.http11.AbstractHttp11JsseProtocol.init(AbstractHttp11JsseProtocol.java:120)
	at org.apache.catalina.connector.Connector.initInternal(Connector.java:960)
	... 13 more

16-Apr-2016 19:56:30.401 INFO [main] org.apache.coyote.AbstractProtocol.init Initializing ProtocolHandler ["ajp-nio-8009"]
16-Apr-2016 19:56:30.403 SEVERE [main] org.apache.coyote.AbstractProtocol.init Failed to initialize end point associated with ProtocolHandler ["ajp-nio-8009"]
 java.net.BindException: Address already in use
	at sun.nio.ch.Net.bind0(Native Method)
	at sun.nio.ch.Net.bind(Net.java:444)
	at sun.nio.ch.Net.bind(Net.java:436)
	at sun.nio.ch.ServerSocketChannelImpl.bind(ServerSocketChannelImpl.java:214)
	at sun.nio.ch.ServerSocketAdaptor.bind(ServerSocketAdaptor.java:74)
	at org.apache.tomcat.util.net.NioEndpoint.bind(NioEndpoint.java:340)
	at org.apache.tomcat.util.net.AbstractEndpoint.init(AbstractEndpoint.java:750)
	at org.apache.coyote.AbstractProtocol.init(AbstractProtocol.java:458)
	at org.apache.catalina.connector.Connector.initInternal(Connector.java:960)
	at org.apache.catalina.util.LifecycleBase.init(LifecycleBase.java:102)
	at org.apache.catalina.core.StandardService.initInternal(StandardService.java:568)
	at org.apache.catalina.util.LifecycleBase.init(LifecycleBase.java:102)
	at org.apache.catalina.core.StandardServer.initInternal(StandardServer.java:869)
	at org.apache.catalina.util.LifecycleBase.init(LifecycleBase.java:102)
	at org.apache.catalina.startup.Catalina.load(Catalina.java:580)
	at org.apache.catalina.startup.Catalina.load(Catalina.java:603)
	at sun.reflect.NativeMethodAccessorImpl.invoke0(Native Method)
	at sun.reflect.NativeMethodAccessorImpl.invoke(NativeMethodAccessorImpl.java:57)
	at sun.reflect.DelegatingMethodAccessorImpl.invoke(DelegatingMethodAccessorImpl.java:43)
	at java.lang.reflect.Method.invoke(Method.java:606)
	at org.apache.catalina.startup.Bootstrap.load(Bootstrap.java:310)
	at org.apache.catalina.startup.Bootstrap.main(Bootstrap.java:484)

16-Apr-2016 19:56:30.403 SEVERE [main] org.apache.catalina.core.StandardService.initInternal Failed to initialize connector [Connector[AJP/1.3-8009]]
 org.apache.catalina.LifecycleException: Failed to initialize component [Connector[AJP/1.3-8009]]
	at org.apache.catalina.util.LifecycleBase.init(LifecycleBase.java:106)
	at org.apache.catalina.core.StandardService.initInternal(StandardService.java:568)
	at org.apache.catalina.util.LifecycleBase.init(LifecycleBase.java:102)
	at org.apache.catalina.core.StandardServer.initInternal(StandardServer.java:869)
	at org.apache.catalina.util.LifecycleBase.init(LifecycleBase.java:102)
	at org.apache.catalina.startup.Catalina.load(Catalina.java:580)
	at org.apache.catalina.startup.Catalina.load(Catalina.java:603)
	at sun.reflect.NativeMethodAccessorImpl.invoke0(Native Method)
	at sun.reflect.NativeMethodAccessorImpl.invoke(NativeMethodAccessorImpl.java:57)
	at sun.reflect.DelegatingMethodAccessorImpl.invoke(DelegatingMethodAccessorImpl.java:43)
	at java.lang.reflect.Method.invoke(Method.java:606)
	at org.apache.catalina.startup.Bootstrap.load(Bootstrap.java:310)
	at org.apache.catalina.startup.Bootstrap.main(Bootstrap.java:484)
Caused by: org.apache.catalina.LifecycleException: Protocol handler initialization failed
	at org.apache.catalina.connector.Connector.initInternal(Connector.java:962)
	at org.apache.catalina.util.LifecycleBase.init(LifecycleBase.java:102)
	... 12 more
Caused by: java.net.BindException: Address already in use
	at sun.nio.ch.Net.bind0(Native Method)
	at sun.nio.ch.Net.bind(Net.java:444)
	at sun.nio.ch.Net.bind(Net.java:436)
	at sun.nio.ch.ServerSocketChannelImpl.bind(ServerSocketChannelImpl.java:214)
	at sun.nio.ch.ServerSocketAdaptor.bind(ServerSocketAdaptor.java:74)
	at org.apache.tomcat.util.net.NioEndpoint.bind(NioEndpoint.java:340)
	at org.apache.tomcat.util.net.AbstractEndpoint.init(AbstractEndpoint.java:750)
	at org.apache.coyote.AbstractProtocol.init(AbstractProtocol.java:458)
	at org.apache.catalina.connector.Connector.initInternal(Connector.java:960)
	... 13 more

16-Apr-2016 19:56:30.404 INFO [main] org.apache.catalina.startup.Catalina.load Initialization processed in 880 ms
16-Apr-2016 19:56:30.444 INFO [main] org.apache.catalina.core.StandardService.startInternal Starting service Catalina
16-Apr-2016 19:56:30.444 INFO [main] org.apache.catalina.core.StandardEngine.startInternal Starting Servlet Engine: Apache Tomcat/8.0.33
16-Apr-2016 19:56:30.453 INFO [localhost-startStop-1] org.apache.catalina.startup.HostConfig.deployDirectory Deploying web application directory /Users/BlackMonkey/Desktop/CSE135/TomCatsServer/webapps/docs
16-Apr-2016 19:56:30.928 INFO [localhost-startStop-1] org.apache.catalina.startup.HostConfig.deployDirectory Deployment of web application directory /Users/BlackMonkey/Desktop/CSE135/TomCatsServer/webapps/docs has finished in 474 ms
16-Apr-2016 19:56:30.928 INFO [localhost-startStop-1] org.apache.catalina.startup.HostConfig.deployDirectory Deploying web application directory /Users/BlackMonkey/Desktop/CSE135/TomCatsServer/webapps/examples
16-Apr-2016 19:56:31.363 INFO [localhost-startStop-1] org.apache.catalina.startup.HostConfig.deployDirectory Deployment of web application directory /Users/BlackMonkey/Desktop/CSE135/TomCatsServer/webapps/examples has finished in 435 ms
16-Apr-2016 19:56:31.363 INFO [localhost-startStop-1] org.apache.catalina.startup.HostConfig.deployDirectory Deploying web application directory /Users/BlackMonkey/Desktop/CSE135/TomCatsServer/webapps/hello
16-Apr-2016 19:56:31.421 INFO [localhost-startStop-1] org.apache.catalina.startup.HostConfig.deployDirectory Deployment of web application directory /Users/BlackMonkey/Desktop/CSE135/TomCatsServer/webapps/hello has finished in 58 ms
16-Apr-2016 19:56:31.422 INFO [localhost-startStop-1] org.apache.catalina.startup.HostConfig.deployDirectory Deploying web application directory /Users/BlackMonkey/Desktop/CSE135/TomCatsServer/webapps/host-manager
16-Apr-2016 19:56:31.458 INFO [localhost-startStop-1] org.apache.catalina.startup.HostConfig.deployDirectory Deployment of web application directory /Users/BlackMonkey/Desktop/CSE135/TomCatsServer/webapps/host-manager has finished in 36 ms
16-Apr-2016 19:56:31.458 INFO [localhost-startStop-1] org.apache.catalina.startup.HostConfig.deployDirectory Deploying web application directory /Users/BlackMonkey/Desktop/CSE135/TomCatsServer/webapps/manager
16-Apr-2016 19:56:31.492 INFO [localhost-startStop-1] org.apache.catalina.startup.HostConfig.deployDirectory Deployment of web application directory /Users/BlackMonkey/Desktop/CSE135/TomCatsServer/webapps/manager has finished in 34 ms
16-Apr-2016 19:56:31.492 INFO [localhost-startStop-1] org.apache.catalina.startup.HostConfig.deployDirectory Deploying web application directory /Users/BlackMonkey/Desktop/CSE135/TomCatsServer/webapps/ROOT
16-Apr-2016 19:56:31.514 INFO [localhost-startStop-1] org.apache.catalina.startup.HostConfig.deployDirectory Deployment of web application directory /Users/BlackMonkey/Desktop/CSE135/TomCatsServer/webapps/ROOT has finished in 22 ms
16-Apr-2016 19:56:31.518 INFO [main] org.apache.catalina.startup.Catalina.start Server startup in 1113 ms
16-Apr-2016 19:56:31.523 SEVERE [main] org.apache.catalina.core.StandardServer.await StandardServer.await: create[localhost:8005]: 
 java.net.BindException: Address already in use
	at java.net.PlainSocketImpl.socketBind(Native Method)
	at java.net.AbstractPlainSocketImpl.bind(AbstractPlainSocketImpl.java:376)
	at java.net.ServerSocket.bind(ServerSocket.java:376)
	at java.net.ServerSocket.<init>(ServerSocket.java:237)
	at org.apache.catalina.core.StandardServer.await(StandardServer.java:438)
	at org.apache.catalina.startup.Catalina.await(Catalina.java:717)
	at org.apache.catalina.startup.Catalina.start(Catalina.java:663)
	at sun.reflect.NativeMethodAccessorImpl.invoke0(Native Method)
	at sun.reflect.NativeMethodAccessorImpl.invoke(NativeMethodAccessorImpl.java:57)
	at sun.reflect.DelegatingMethodAccessorImpl.invoke(DelegatingMethodAccessorImpl.java:43)
	at java.lang.reflect.Method.invoke(Method.java:606)
	at org.apache.catalina.startup.Bootstrap.start(Bootstrap.java:351)
	at org.apache.catalina.startup.Bootstrap.main(Bootstrap.java:485)

16-Apr-2016 19:56:31.523 INFO [main] org.apache.coyote.AbstractProtocol.pause Pausing ProtocolHandler ["http-nio-2048"]
16-Apr-2016 19:56:31.523 INFO [main] org.apache.coyote.AbstractProtocol.pause Pausing ProtocolHandler ["ajp-nio-8009"]
16-Apr-2016 19:56:31.523 INFO [main] org.apache.catalina.core.StandardService.stopInternal Stopping service Catalina
16-Apr-2016 19:56:31.583 INFO [main] org.apache.coyote.AbstractProtocol.stop Stopping ProtocolHandler ["http-nio-2048"]
16-Apr-2016 19:56:31.583 INFO [main] org.apache.coyote.AbstractProtocol.destroy Destroying ProtocolHandler ["http-nio-2048"]
16-Apr-2016 19:56:31.583 INFO [main] org.apache.coyote.AbstractProtocol.stop Stopping ProtocolHandler ["ajp-nio-8009"]
16-Apr-2016 19:56:31.583 INFO [main] org.apache.coyote.AbstractProtocol.destroy Destroying ProtocolHandler ["ajp-nio-8009"]
16-Apr-2016 19:56:46.399 INFO [main] org.apache.catalina.core.StandardServer.await A valid shutdown command was received via the shutdown port. Stopping the Server instance.
16-Apr-2016 19:56:46.400 INFO [main] org.apache.coyote.AbstractProtocol.pause Pausing ProtocolHandler ["http-nio-2048"]
16-Apr-2016 19:56:46.459 INFO [main] org.apache.coyote.AbstractProtocol.pause Pausing ProtocolHandler ["ajp-nio-8009"]
16-Apr-2016 19:56:46.514 INFO [main] org.apache.catalina.core.StandardService.stopInternal Stopping service Catalina
16-Apr-2016 19:56:46.550 INFO [main] org.apache.coyote.AbstractProtocol.stop Stopping ProtocolHandler ["http-nio-2048"]
16-Apr-2016 19:56:46.552 INFO [main] org.apache.coyote.AbstractProtocol.stop Stopping ProtocolHandler ["ajp-nio-8009"]
16-Apr-2016 19:56:46.553 INFO [main] org.apache.coyote.AbstractProtocol.destroy Destroying ProtocolHandler ["http-nio-2048"]
16-Apr-2016 19:56:46.553 INFO [main] org.apache.coyote.AbstractProtocol.destroy Destroying ProtocolHandler ["ajp-nio-8009"]
16-Apr-2016 19:57:01.030 INFO [main] org.apache.catalina.startup.VersionLoggerListener.log Server version:        Apache Tomcat/8.0.33
16-Apr-2016 19:57:01.032 INFO [main] org.apache.catalina.startup.VersionLoggerListener.log Server built:          Mar 18 2016 20:31:49 UTC
16-Apr-2016 19:57:01.033 INFO [main] org.apache.catalina.startup.VersionLoggerListener.log Server number:         8.0.33.0
16-Apr-2016 19:57:01.033 INFO [main] org.apache.catalina.startup.VersionLoggerListener.log OS Name:               Mac OS X
16-Apr-2016 19:57:01.033 INFO [main] org.apache.catalina.startup.VersionLoggerListener.log OS Version:            10.11.3
16-Apr-2016 19:57:01.033 INFO [main] org.apache.catalina.startup.VersionLoggerListener.log Architecture:          x86_64
16-Apr-2016 19:57:01.034 INFO [main] org.apache.catalina.startup.VersionLoggerListener.log Java Home:             /Library/Java/JavaVirtualMachines/jdk1.7.0_79.jdk/Contents/Home/jre
16-Apr-2016 19:57:01.034 INFO [main] org.apache.catalina.startup.VersionLoggerListener.log JVM Version:           1.7.0_79-b15
16-Apr-2016 19:57:01.035 INFO [main] org.apache.catalina.startup.VersionLoggerListener.log JVM Vendor:            Oracle Corporation
16-Apr-2016 19:57:01.035 INFO [main] org.apache.catalina.startup.VersionLoggerListener.log CATALINA_BASE:         /Users/BlackMonkey/Desktop/CSE135/TomCatsServer
16-Apr-2016 19:57:01.035 INFO [main] org.apache.catalina.startup.VersionLoggerListener.log CATALINA_HOME:         /Users/BlackMonkey/Desktop/CSE135/TomCatsServer
16-Apr-2016 19:57:01.037 INFO [main] org.apache.catalina.startup.VersionLoggerListener.log Command line argument: -Djava.util.logging.config.file=/Users/BlackMonkey/Desktop/CSE135/TomCatsServer/conf/logging.properties
16-Apr-2016 19:57:01.037 INFO [main] org.apache.catalina.startup.VersionLoggerListener.log Command line argument: -Djava.util.logging.manager=org.apache.juli.ClassLoaderLogManager
16-Apr-2016 19:57:01.037 INFO [main] org.apache.catalina.startup.VersionLoggerListener.log Command line argument: -Djava.endorsed.dirs=/Users/BlackMonkey/Desktop/CSE135/TomCatsServer/endorsed
16-Apr-2016 19:57:01.038 INFO [main] org.apache.catalina.startup.VersionLoggerListener.log Command line argument: -Dcatalina.base=/Users/BlackMonkey/Desktop/CSE135/TomCatsServer
16-Apr-2016 19:57:01.038 INFO [main] org.apache.catalina.startup.VersionLoggerListener.log Command line argument: -Dcatalina.home=/Users/BlackMonkey/Desktop/CSE135/TomCatsServer
16-Apr-2016 19:57:01.038 INFO [main] org.apache.catalina.startup.VersionLoggerListener.log Command line argument: -Djava.io.tmpdir=/Users/BlackMonkey/Desktop/CSE135/TomCatsServer/temp
16-Apr-2016 19:57:01.038 INFO [main] org.apache.catalina.core.AprLifecycleListener.lifecycleEvent The APR based Apache Tomcat Native library which allows optimal performance in production environments was not found on the java.library.path: /Users/BlackMonkey/Library/Java/Extensions:/Library/Java/Extensions:/Network/Library/Java/Extensions:/System/Library/Java/Extensions:/usr/lib/java:.
16-Apr-2016 19:57:01.258 INFO [main] org.apache.coyote.AbstractProtocol.init Initializing ProtocolHandler ["http-nio-2048"]
16-Apr-2016 19:57:01.288 INFO [main] org.apache.tomcat.util.net.NioSelectorPool.getSharedSelector Using a shared selector for servlet write/read
16-Apr-2016 19:57:01.293 INFO [main] org.apache.coyote.AbstractProtocol.init Initializing ProtocolHandler ["ajp-nio-8009"]
16-Apr-2016 19:57:01.295 INFO [main] org.apache.tomcat.util.net.NioSelectorPool.getSharedSelector Using a shared selector for servlet write/read
16-Apr-2016 19:57:01.296 INFO [main] org.apache.catalina.startup.Catalina.load Initialization processed in 938 ms
16-Apr-2016 19:57:01.331 INFO [main] org.apache.catalina.core.StandardService.startInternal Starting service Catalina
16-Apr-2016 19:57:01.331 INFO [main] org.apache.catalina.core.StandardEngine.startInternal Starting Servlet Engine: Apache Tomcat/8.0.33
16-Apr-2016 19:57:01.344 INFO [localhost-startStop-1] org.apache.catalina.startup.HostConfig.deployDirectory Deploying web application directory /Users/BlackMonkey/Desktop/CSE135/TomCatsServer/webapps/docs
16-Apr-2016 19:57:01.765 INFO [localhost-startStop-1] org.apache.catalina.startup.HostConfig.deployDirectory Deployment of web application directory /Users/BlackMonkey/Desktop/CSE135/TomCatsServer/webapps/docs has finished in 420 ms
16-Apr-2016 19:57:01.765 INFO [localhost-startStop-1] org.apache.catalina.startup.HostConfig.deployDirectory Deploying web application directory /Users/BlackMonkey/Desktop/CSE135/TomCatsServer/webapps/examples
16-Apr-2016 19:57:02.255 INFO [localhost-startStop-1] org.apache.catalina.startup.HostConfig.deployDirectory Deployment of web application directory /Users/BlackMonkey/Desktop/CSE135/TomCatsServer/webapps/examples has finished in 490 ms
16-Apr-2016 19:57:02.256 INFO [localhost-startStop-1] org.apache.catalina.startup.HostConfig.deployDirectory Deploying web application directory /Users/BlackMonkey/Desktop/CSE135/TomCatsServer/webapps/hello
16-Apr-2016 19:57:02.296 INFO [localhost-startStop-1] org.apache.catalina.startup.HostConfig.deployDirectory Deployment of web application directory /Users/BlackMonkey/Desktop/CSE135/TomCatsServer/webapps/hello has finished in 40 ms
16-Apr-2016 19:57:02.296 INFO [localhost-startStop-1] org.apache.catalina.startup.HostConfig.deployDirectory Deploying web application directory /Users/BlackMonkey/Desktop/CSE135/TomCatsServer/webapps/host-manager
16-Apr-2016 19:57:02.331 INFO [localhost-startStop-1] org.apache.catalina.startup.HostConfig.deployDirectory Deployment of web application directory /Users/BlackMonkey/Desktop/CSE135/TomCatsServer/webapps/host-manager has finished in 35 ms
16-Apr-2016 19:57:02.332 INFO [localhost-startStop-1] org.apache.catalina.startup.HostConfig.deployDirectory Deploying web application directory /Users/BlackMonkey/Desktop/CSE135/TomCatsServer/webapps/manager
16-Apr-2016 19:57:02.364 INFO [localhost-startStop-1] org.apache.catalina.startup.HostConfig.deployDirectory Deployment of web application directory /Users/BlackMonkey/Desktop/CSE135/TomCatsServer/webapps/manager has finished in 33 ms
16-Apr-2016 19:57:02.364 INFO [localhost-startStop-1] org.apache.catalina.startup.HostConfig.deployDirectory Deploying web application directory /Users/BlackMonkey/Desktop/CSE135/TomCatsServer/webapps/ROOT
16-Apr-2016 19:57:02.390 INFO [localhost-startStop-1] org.apache.catalina.startup.HostConfig.deployDirectory Deployment of web application directory /Users/BlackMonkey/Desktop/CSE135/TomCatsServer/webapps/ROOT has finished in 26 ms
16-Apr-2016 19:57:02.395 INFO [main] org.apache.coyote.AbstractProtocol.start Starting ProtocolHandler ["http-nio-2048"]
16-Apr-2016 19:57:02.403 INFO [main] org.apache.coyote.AbstractProtocol.start Starting ProtocolHandler ["ajp-nio-8009"]
16-Apr-2016 19:57:02.404 INFO [main] org.apache.catalina.startup.Catalina.start Server startup in 1108 ms
16-Apr-2016 22:12:40.128 INFO [ContainerBackgroundProcessor[StandardEngine[Catalina]]] org.apache.catalina.startup.HostConfig.undeploy Undeploying context [/hello]
16-Apr-2016 22:12:40.178 INFO [localhost-startStop-2] org.apache.catalina.startup.HostConfig.deployDirectory Deploying web application directory /Users/BlackMonkey/Desktop/CSE135/TomCatsServer/webapps/project
16-Apr-2016 22:12:40.221 INFO [localhost-startStop-2] org.apache.catalina.startup.HostConfig.deployDirectory Deployment of web application directory /Users/BlackMonkey/Desktop/CSE135/TomCatsServer/webapps/project has finished in 43 ms
