11-May-2016 15:18:40.089 INFO [main] org.apache.catalina.startup.VersionLoggerListener.log Server version:        Apache Tomcat/8.0.33
11-May-2016 15:18:40.091 INFO [main] org.apache.catalina.startup.VersionLoggerListener.log Server built:          Mar 18 2016 20:31:49 UTC
11-May-2016 15:18:40.091 INFO [main] org.apache.catalina.startup.VersionLoggerListener.log Server number:         8.0.33.0
11-May-2016 15:18:40.091 INFO [main] org.apache.catalina.startup.VersionLoggerListener.log OS Name:               Mac OS X
11-May-2016 15:18:40.091 INFO [main] org.apache.catalina.startup.VersionLoggerListener.log OS Version:            10.11.3
11-May-2016 15:18:40.091 INFO [main] org.apache.catalina.startup.VersionLoggerListener.log Architecture:          x86_64
11-May-2016 15:18:40.091 INFO [main] org.apache.catalina.startup.VersionLoggerListener.log Java Home:             /Library/Java/JavaVirtualMachines/jdk1.8.0_91.jdk/Contents/Home/jre
11-May-2016 15:18:40.091 INFO [main] org.apache.catalina.startup.VersionLoggerListener.log JVM Version:           1.8.0_91-b14
11-May-2016 15:18:40.092 INFO [main] org.apache.catalina.startup.VersionLoggerListener.log JVM Vendor:            Oracle Corporation
11-May-2016 15:18:40.092 INFO [main] org.apache.catalina.startup.VersionLoggerListener.log CATALINA_BASE:         /Users/BlackMonkey/Desktop/CSE135/TomCatsServer
11-May-2016 15:18:40.092 INFO [main] org.apache.catalina.startup.VersionLoggerListener.log CATALINA_HOME:         /Users/BlackMonkey/Desktop/CSE135/TomCatsServer
11-May-2016 15:18:40.093 INFO [main] org.apache.catalina.startup.VersionLoggerListener.log Command line argument: -Djava.util.logging.config.file=/Users/BlackMonkey/Desktop/CSE135/TomCatsServer/conf/logging.properties
11-May-2016 15:18:40.093 INFO [main] org.apache.catalina.startup.VersionLoggerListener.log Command line argument: -Djava.util.logging.manager=org.apache.juli.ClassLoaderLogManager
11-May-2016 15:18:40.093 INFO [main] org.apache.catalina.startup.VersionLoggerListener.log Command line argument: -Djava.endorsed.dirs=/Users/BlackMonkey/Desktop/CSE135/TomCatsServer/endorsed
11-May-2016 15:18:40.093 INFO [main] org.apache.catalina.startup.VersionLoggerListener.log Command line argument: -Dcatalina.base=/Users/BlackMonkey/Desktop/CSE135/TomCatsServer
11-May-2016 15:18:40.093 INFO [main] org.apache.catalina.startup.VersionLoggerListener.log Command line argument: -Dcatalina.home=/Users/BlackMonkey/Desktop/CSE135/TomCatsServer
11-May-2016 15:18:40.093 INFO [main] org.apache.catalina.startup.VersionLoggerListener.log Command line argument: -Djava.io.tmpdir=/Users/BlackMonkey/Desktop/CSE135/TomCatsServer/temp
11-May-2016 15:18:40.094 INFO [main] org.apache.catalina.core.AprLifecycleListener.lifecycleEvent The APR based Apache Tomcat Native library which allows optimal performance in production environments was not found on the java.library.path: /Users/BlackMonkey/Library/Java/Extensions:/Library/Java/Extensions:/Network/Library/Java/Extensions:/System/Library/Java/Extensions:/usr/lib/java:.
11-May-2016 15:18:40.283 INFO [main] org.apache.coyote.AbstractProtocol.init Initializing ProtocolHandler ["http-nio-2048"]
11-May-2016 15:18:40.320 SEVERE [main] org.apache.coyote.AbstractProtocol.init Failed to initialize end point associated with ProtocolHandler ["http-nio-2048"]
 java.net.BindException: Address already in use
	at sun.nio.ch.Net.bind0(Native Method)
	at sun.nio.ch.Net.bind(Net.java:433)
	at sun.nio.ch.Net.bind(Net.java:425)
	at sun.nio.ch.ServerSocketChannelImpl.bind(ServerSocketChannelImpl.java:223)
	at sun.nio.ch.ServerSocketAdaptor.bind(ServerSocketAdaptor.java:74)
	at org.apache.tomcat.util.net.NioEndpoint.bind(NioEndpoint.java:340)
	at org.apache.tomcat.util.net.AbstractEndpoint.init(AbstractEndpoint.java:750)
	at org.apache.coyote.AbstractProtocol.init(AbstractProtocol.java:458)
	at org.apache.coyote.http11.AbstractHttp11JsseProtocol.init(AbstractHttp11JsseProtocol.java:120)
	at org.apache.catalina.connector.Connector.initInternal(Connector.java:960)
	at org.apache.catalina.util.LifecycleBase.init(LifecycleBase.java:102)
	at org.apache.catalina.core.StandardService.initInternal(StandardService.java:568)
	at org.apache.catalina.util.LifecycleBase.init(LifecycleBase.java:102)
	at org.apache.catalina.core.StandardServer.initInternal(StandardServer.java:869)
	at org.apache.catalina.util.LifecycleBase.init(LifecycleBase.java:102)
	at org.apache.catalina.startup.Catalina.load(Catalina.java:580)
	at org.apache.catalina.startup.Catalina.load(Catalina.java:603)
	at sun.reflect.NativeMethodAccessorImpl.invoke0(Native Method)
	at sun.reflect.NativeMethodAccessorImpl.invoke(NativeMethodAccessorImpl.java:62)
	at sun.reflect.DelegatingMethodAccessorImpl.invoke(DelegatingMethodAccessorImpl.java:43)
	at java.lang.reflect.Method.invoke(Method.java:498)
	at org.apache.catalina.startup.Bootstrap.load(Bootstrap.java:310)
	at org.apache.catalina.startup.Bootstrap.main(Bootstrap.java:484)

11-May-2016 15:18:40.322 SEVERE [main] org.apache.catalina.core.StandardService.initInternal Failed to initialize connector [Connector[HTTP/1.1-2048]]
 org.apache.catalina.LifecycleException: Failed to initialize component [Connector[HTTP/1.1-2048]]
	at org.apache.catalina.util.LifecycleBase.init(LifecycleBase.java:106)
	at org.apache.catalina.core.StandardService.initInternal(StandardService.java:568)
	at org.apache.catalina.util.LifecycleBase.init(LifecycleBase.java:102)
	at org.apache.catalina.core.StandardServer.initInternal(StandardServer.java:869)
	at org.apache.catalina.util.LifecycleBase.init(LifecycleBase.java:102)
	at org.apache.catalina.startup.Catalina.load(Catalina.java:580)
	at org.apache.catalina.startup.Catalina.load(Catalina.java:603)
	at sun.reflect.NativeMethodAccessorImpl.invoke0(Native Method)
	at sun.reflect.NativeMethodAccessorImpl.invoke(NativeMethodAccessorImpl.java:62)
	at sun.reflect.DelegatingMethodAccessorImpl.invoke(DelegatingMethodAccessorImpl.java:43)
	at java.lang.reflect.Method.invoke(Method.java:498)
	at org.apache.catalina.startup.Bootstrap.load(Bootstrap.java:310)
	at org.apache.catalina.startup.Bootstrap.main(Bootstrap.java:484)
Caused by: org.apache.catalina.LifecycleException: Protocol handler initialization failed
	at org.apache.catalina.connector.Connector.initInternal(Connector.java:962)
	at org.apache.catalina.util.LifecycleBase.init(LifecycleBase.java:102)
	... 12 more
Caused by: java.net.BindException: Address already in use
	at sun.nio.ch.Net.bind0(Native Method)
	at sun.nio.ch.Net.bind(Net.java:433)
	at sun.nio.ch.Net.bind(Net.java:425)
	at sun.nio.ch.ServerSocketChannelImpl.bind(ServerSocketChannelImpl.java:223)
	at sun.nio.ch.ServerSocketAdaptor.bind(ServerSocketAdaptor.java:74)
	at org.apache.tomcat.util.net.NioEndpoint.bind(NioEndpoint.java:340)
	at org.apache.tomcat.util.net.AbstractEndpoint.init(AbstractEndpoint.java:750)
	at org.apache.coyote.AbstractProtocol.init(AbstractProtocol.java:458)
	at org.apache.coyote.http11.AbstractHttp11JsseProtocol.init(AbstractHttp11JsseProtocol.java:120)
	at org.apache.catalina.connector.Connector.initInternal(Connector.java:960)
	... 13 more

11-May-2016 15:18:40.324 INFO [main] org.apache.coyote.AbstractProtocol.init Initializing ProtocolHandler ["ajp-nio-8009"]
11-May-2016 15:18:40.326 SEVERE [main] org.apache.coyote.AbstractProtocol.init Failed to initialize end point associated with ProtocolHandler ["ajp-nio-8009"]
 java.net.BindException: Address already in use
	at sun.nio.ch.Net.bind0(Native Method)
	at sun.nio.ch.Net.bind(Net.java:433)
	at sun.nio.ch.Net.bind(Net.java:425)
	at sun.nio.ch.ServerSocketChannelImpl.bind(ServerSocketChannelImpl.java:223)
	at sun.nio.ch.ServerSocketAdaptor.bind(ServerSocketAdaptor.java:74)
	at org.apache.tomcat.util.net.NioEndpoint.bind(NioEndpoint.java:340)
	at org.apache.tomcat.util.net.AbstractEndpoint.init(AbstractEndpoint.java:750)
	at org.apache.coyote.AbstractProtocol.init(AbstractProtocol.java:458)
	at org.apache.catalina.connector.Connector.initInternal(Connector.java:960)
	at org.apache.catalina.util.LifecycleBase.init(LifecycleBase.java:102)
	at org.apache.catalina.core.StandardService.initInternal(StandardService.java:568)
	at org.apache.catalina.util.LifecycleBase.init(LifecycleBase.java:102)
	at org.apache.catalina.core.StandardServer.initInternal(StandardServer.java:869)
	at org.apache.catalina.util.LifecycleBase.init(LifecycleBase.java:102)
	at org.apache.catalina.startup.Catalina.load(Catalina.java:580)
	at org.apache.catalina.startup.Catalina.load(Catalina.java:603)
	at sun.reflect.NativeMethodAccessorImpl.invoke0(Native Method)
	at sun.reflect.NativeMethodAccessorImpl.invoke(NativeMethodAccessorImpl.java:62)
	at sun.reflect.DelegatingMethodAccessorImpl.invoke(DelegatingMethodAccessorImpl.java:43)
	at java.lang.reflect.Method.invoke(Method.java:498)
	at org.apache.catalina.startup.Bootstrap.load(Bootstrap.java:310)
	at org.apache.catalina.startup.Bootstrap.main(Bootstrap.java:484)

11-May-2016 15:18:40.326 SEVERE [main] org.apache.catalina.core.StandardService.initInternal Failed to initialize connector [Connector[AJP/1.3-8009]]
 org.apache.catalina.LifecycleException: Failed to initialize component [Connector[AJP/1.3-8009]]
	at org.apache.catalina.util.LifecycleBase.init(LifecycleBase.java:106)
	at org.apache.catalina.core.StandardService.initInternal(StandardService.java:568)
	at org.apache.catalina.util.LifecycleBase.init(LifecycleBase.java:102)
	at org.apache.catalina.core.StandardServer.initInternal(StandardServer.java:869)
	at org.apache.catalina.util.LifecycleBase.init(LifecycleBase.java:102)
	at org.apache.catalina.startup.Catalina.load(Catalina.java:580)
	at org.apache.catalina.startup.Catalina.load(Catalina.java:603)
	at sun.reflect.NativeMethodAccessorImpl.invoke0(Native Method)
	at sun.reflect.NativeMethodAccessorImpl.invoke(NativeMethodAccessorImpl.java:62)
	at sun.reflect.DelegatingMethodAccessorImpl.invoke(DelegatingMethodAccessorImpl.java:43)
	at java.lang.reflect.Method.invoke(Method.java:498)
	at org.apache.catalina.startup.Bootstrap.load(Bootstrap.java:310)
	at org.apache.catalina.startup.Bootstrap.main(Bootstrap.java:484)
Caused by: org.apache.catalina.LifecycleException: Protocol handler initialization failed
	at org.apache.catalina.connector.Connector.initInternal(Connector.java:962)
	at org.apache.catalina.util.LifecycleBase.init(LifecycleBase.java:102)
	... 12 more
Caused by: java.net.BindException: Address already in use
	at sun.nio.ch.Net.bind0(Native Method)
	at sun.nio.ch.Net.bind(Net.java:433)
	at sun.nio.ch.Net.bind(Net.java:425)
	at sun.nio.ch.ServerSocketChannelImpl.bind(ServerSocketChannelImpl.java:223)
	at sun.nio.ch.ServerSocketAdaptor.bind(ServerSocketAdaptor.java:74)
	at org.apache.tomcat.util.net.NioEndpoint.bind(NioEndpoint.java:340)
	at org.apache.tomcat.util.net.AbstractEndpoint.init(AbstractEndpoint.java:750)
	at org.apache.coyote.AbstractProtocol.init(AbstractProtocol.java:458)
	at org.apache.catalina.connector.Connector.initInternal(Connector.java:960)
	... 13 more

11-May-2016 15:18:40.327 INFO [main] org.apache.catalina.startup.Catalina.load Initialization processed in 806 ms
11-May-2016 15:18:40.357 INFO [main] org.apache.catalina.core.StandardService.startInternal Starting service Catalina
11-May-2016 15:18:40.357 INFO [main] org.apache.catalina.core.StandardEngine.startInternal Starting Servlet Engine: Apache Tomcat/8.0.33
11-May-2016 15:18:40.370 INFO [localhost-startStop-1] org.apache.catalina.startup.HostConfig.deployDirectory Deploying web application directory /Users/BlackMonkey/Desktop/CSE135/TomCatsServer/webapps/docs
11-May-2016 15:18:40.725 INFO [localhost-startStop-1] org.apache.catalina.startup.HostConfig.deployDirectory Deployment of web application directory /Users/BlackMonkey/Desktop/CSE135/TomCatsServer/webapps/docs has finished in 354 ms
11-May-2016 15:18:40.725 INFO [localhost-startStop-1] org.apache.catalina.startup.HostConfig.deployDirectory Deploying web application directory /Users/BlackMonkey/Desktop/CSE135/TomCatsServer/webapps/examples
11-May-2016 15:18:41.137 INFO [localhost-startStop-1] org.apache.catalina.startup.HostConfig.deployDirectory Deployment of web application directory /Users/BlackMonkey/Desktop/CSE135/TomCatsServer/webapps/examples has finished in 411 ms
11-May-2016 15:18:41.137 INFO [localhost-startStop-1] org.apache.catalina.startup.HostConfig.deployDirectory Deploying web application directory /Users/BlackMonkey/Desktop/CSE135/TomCatsServer/webapps/host-manager
11-May-2016 15:18:41.169 INFO [localhost-startStop-1] org.apache.catalina.startup.HostConfig.deployDirectory Deployment of web application directory /Users/BlackMonkey/Desktop/CSE135/TomCatsServer/webapps/host-manager has finished in 32 ms
11-May-2016 15:18:41.169 INFO [localhost-startStop-1] org.apache.catalina.startup.HostConfig.deployDirectory Deploying web application directory /Users/BlackMonkey/Desktop/CSE135/TomCatsServer/webapps/manager
11-May-2016 15:18:41.201 INFO [localhost-startStop-1] org.apache.catalina.startup.HostConfig.deployDirectory Deployment of web application directory /Users/BlackMonkey/Desktop/CSE135/TomCatsServer/webapps/manager has finished in 32 ms
11-May-2016 15:18:41.201 INFO [localhost-startStop-1] org.apache.catalina.startup.HostConfig.deployDirectory Deploying web application directory /Users/BlackMonkey/Desktop/CSE135/TomCatsServer/webapps/ROOT
11-May-2016 15:18:41.222 INFO [localhost-startStop-1] org.apache.catalina.startup.HostConfig.deployDirectory Deployment of web application directory /Users/BlackMonkey/Desktop/CSE135/TomCatsServer/webapps/ROOT has finished in 21 ms
11-May-2016 15:18:41.223 INFO [localhost-startStop-1] org.apache.catalina.startup.HostConfig.deployDirectory Deploying web application directory /Users/BlackMonkey/Desktop/CSE135/TomCatsServer/webapps/storeWebPage
11-May-2016 15:18:41.253 INFO [localhost-startStop-1] org.apache.catalina.startup.HostConfig.deployDirectory Deployment of web application directory /Users/BlackMonkey/Desktop/CSE135/TomCatsServer/webapps/storeWebPage has finished in 30 ms
11-May-2016 15:18:41.256 INFO [main] org.apache.catalina.startup.Catalina.start Server startup in 929 ms
11-May-2016 15:18:41.261 SEVERE [main] org.apache.catalina.core.StandardServer.await StandardServer.await: create[localhost:8005]: 
 java.net.BindException: Address already in use
	at java.net.PlainSocketImpl.socketBind(Native Method)
	at java.net.AbstractPlainSocketImpl.bind(AbstractPlainSocketImpl.java:387)
	at java.net.ServerSocket.bind(ServerSocket.java:375)
	at java.net.ServerSocket.<init>(ServerSocket.java:237)
	at org.apache.catalina.core.StandardServer.await(StandardServer.java:438)
	at org.apache.catalina.startup.Catalina.await(Catalina.java:717)
	at org.apache.catalina.startup.Catalina.start(Catalina.java:663)
	at sun.reflect.NativeMethodAccessorImpl.invoke0(Native Method)
	at sun.reflect.NativeMethodAccessorImpl.invoke(NativeMethodAccessorImpl.java:62)
	at sun.reflect.DelegatingMethodAccessorImpl.invoke(DelegatingMethodAccessorImpl.java:43)
	at java.lang.reflect.Method.invoke(Method.java:498)
	at org.apache.catalina.startup.Bootstrap.start(Bootstrap.java:351)
	at org.apache.catalina.startup.Bootstrap.main(Bootstrap.java:485)

11-May-2016 15:18:41.262 INFO [main] org.apache.coyote.AbstractProtocol.pause Pausing ProtocolHandler ["http-nio-2048"]
11-May-2016 15:18:41.262 INFO [main] org.apache.coyote.AbstractProtocol.pause Pausing ProtocolHandler ["ajp-nio-8009"]
11-May-2016 15:18:41.262 INFO [main] org.apache.catalina.core.StandardService.stopInternal Stopping service Catalina
11-May-2016 15:18:41.292 INFO [main] org.apache.coyote.AbstractProtocol.stop Stopping ProtocolHandler ["http-nio-2048"]
11-May-2016 15:18:41.292 INFO [main] org.apache.coyote.AbstractProtocol.destroy Destroying ProtocolHandler ["http-nio-2048"]
11-May-2016 15:18:41.292 INFO [main] org.apache.coyote.AbstractProtocol.stop Stopping ProtocolHandler ["ajp-nio-8009"]
11-May-2016 15:18:41.292 INFO [main] org.apache.coyote.AbstractProtocol.destroy Destroying ProtocolHandler ["ajp-nio-8009"]
11-May-2016 15:19:26.807 INFO [main] org.apache.catalina.startup.VersionLoggerListener.log Server version:        Apache Tomcat/8.0.33
11-May-2016 15:19:26.813 INFO [main] org.apache.catalina.startup.VersionLoggerListener.log Server built:          Mar 18 2016 20:31:49 UTC
11-May-2016 15:19:26.813 INFO [main] org.apache.catalina.startup.VersionLoggerListener.log Server number:         8.0.33.0
11-May-2016 15:19:26.813 INFO [main] org.apache.catalina.startup.VersionLoggerListener.log OS Name:               Mac OS X
11-May-2016 15:19:26.813 INFO [main] org.apache.catalina.startup.VersionLoggerListener.log OS Version:            10.11.3
11-May-2016 15:19:26.813 INFO [main] org.apache.catalina.startup.VersionLoggerListener.log Architecture:          x86_64
11-May-2016 15:19:26.814 INFO [main] org.apache.catalina.startup.VersionLoggerListener.log Java Home:             /Library/Java/JavaVirtualMachines/jdk1.8.0_91.jdk/Contents/Home/jre
11-May-2016 15:19:26.814 INFO [main] org.apache.catalina.startup.VersionLoggerListener.log JVM Version:           1.8.0_91-b14
11-May-2016 15:19:26.814 INFO [main] org.apache.catalina.startup.VersionLoggerListener.log JVM Vendor:            Oracle Corporation
11-May-2016 15:19:26.814 INFO [main] org.apache.catalina.startup.VersionLoggerListener.log CATALINA_BASE:         /Users/BlackMonkey/Desktop/CSE135/TomCatsServer
11-May-2016 15:19:26.814 INFO [main] org.apache.catalina.startup.VersionLoggerListener.log CATALINA_HOME:         /Users/BlackMonkey/Desktop/CSE135/TomCatsServer
11-May-2016 15:19:26.815 INFO [main] org.apache.catalina.startup.VersionLoggerListener.log Command line argument: -Djava.util.logging.config.file=/Users/BlackMonkey/Desktop/CSE135/TomCatsServer/conf/logging.properties
11-May-2016 15:19:26.815 INFO [main] org.apache.catalina.startup.VersionLoggerListener.log Command line argument: -Djava.util.logging.manager=org.apache.juli.ClassLoaderLogManager
11-May-2016 15:19:26.815 INFO [main] org.apache.catalina.startup.VersionLoggerListener.log Command line argument: -Djava.endorsed.dirs=/Users/BlackMonkey/Desktop/CSE135/TomCatsServer/endorsed
11-May-2016 15:19:26.816 INFO [main] org.apache.catalina.startup.VersionLoggerListener.log Command line argument: -Dcatalina.base=/Users/BlackMonkey/Desktop/CSE135/TomCatsServer
11-May-2016 15:19:26.816 INFO [main] org.apache.catalina.startup.VersionLoggerListener.log Command line argument: -Dcatalina.home=/Users/BlackMonkey/Desktop/CSE135/TomCatsServer
11-May-2016 15:19:26.816 INFO [main] org.apache.catalina.startup.VersionLoggerListener.log Command line argument: -Djava.io.tmpdir=/Users/BlackMonkey/Desktop/CSE135/TomCatsServer/temp
11-May-2016 15:19:26.816 INFO [main] org.apache.catalina.core.AprLifecycleListener.lifecycleEvent The APR based Apache Tomcat Native library which allows optimal performance in production environments was not found on the java.library.path: /Users/BlackMonkey/Library/Java/Extensions:/Library/Java/Extensions:/Network/Library/Java/Extensions:/System/Library/Java/Extensions:/usr/lib/java:.
11-May-2016 15:19:27.004 INFO [main] org.apache.coyote.AbstractProtocol.init Initializing ProtocolHandler ["http-nio-2048"]
11-May-2016 15:19:27.037 INFO [main] org.apache.tomcat.util.net.NioSelectorPool.getSharedSelector Using a shared selector for servlet write/read
11-May-2016 15:19:27.040 INFO [main] org.apache.coyote.AbstractProtocol.init Initializing ProtocolHandler ["ajp-nio-8009"]
11-May-2016 15:19:27.042 INFO [main] org.apache.tomcat.util.net.NioSelectorPool.getSharedSelector Using a shared selector for servlet write/read
11-May-2016 15:19:27.042 INFO [main] org.apache.catalina.startup.Catalina.load Initialization processed in 774 ms
11-May-2016 15:19:27.071 INFO [main] org.apache.catalina.core.StandardService.startInternal Starting service Catalina
11-May-2016 15:19:27.071 INFO [main] org.apache.catalina.core.StandardEngine.startInternal Starting Servlet Engine: Apache Tomcat/8.0.33
11-May-2016 15:19:27.081 INFO [localhost-startStop-1] org.apache.catalina.startup.HostConfig.deployDirectory Deploying web application directory /Users/BlackMonkey/Desktop/CSE135/TomCatsServer/webapps/docs
11-May-2016 15:19:27.477 INFO [localhost-startStop-1] org.apache.catalina.startup.HostConfig.deployDirectory Deployment of web application directory /Users/BlackMonkey/Desktop/CSE135/TomCatsServer/webapps/docs has finished in 395 ms
11-May-2016 15:19:27.477 INFO [localhost-startStop-1] org.apache.catalina.startup.HostConfig.deployDirectory Deploying web application directory /Users/BlackMonkey/Desktop/CSE135/TomCatsServer/webapps/examples
11-May-2016 15:19:27.946 INFO [localhost-startStop-1] org.apache.catalina.startup.HostConfig.deployDirectory Deployment of web application directory /Users/BlackMonkey/Desktop/CSE135/TomCatsServer/webapps/examples has finished in 469 ms
11-May-2016 15:19:27.947 INFO [localhost-startStop-1] org.apache.catalina.startup.HostConfig.deployDirectory Deploying web application directory /Users/BlackMonkey/Desktop/CSE135/TomCatsServer/webapps/host-manager
11-May-2016 15:19:27.990 INFO [localhost-startStop-1] org.apache.catalina.startup.HostConfig.deployDirectory Deployment of web application directory /Users/BlackMonkey/Desktop/CSE135/TomCatsServer/webapps/host-manager has finished in 43 ms
11-May-2016 15:19:27.990 INFO [localhost-startStop-1] org.apache.catalina.startup.HostConfig.deployDirectory Deploying web application directory /Users/BlackMonkey/Desktop/CSE135/TomCatsServer/webapps/manager
11-May-2016 15:19:28.025 INFO [localhost-startStop-1] org.apache.catalina.startup.HostConfig.deployDirectory Deployment of web application directory /Users/BlackMonkey/Desktop/CSE135/TomCatsServer/webapps/manager has finished in 35 ms
11-May-2016 15:19:28.026 INFO [localhost-startStop-1] org.apache.catalina.startup.HostConfig.deployDirectory Deploying web application directory /Users/BlackMonkey/Desktop/CSE135/TomCatsServer/webapps/ROOT
11-May-2016 15:19:28.052 INFO [localhost-startStop-1] org.apache.catalina.startup.HostConfig.deployDirectory Deployment of web application directory /Users/BlackMonkey/Desktop/CSE135/TomCatsServer/webapps/ROOT has finished in 26 ms
11-May-2016 15:19:28.053 INFO [localhost-startStop-1] org.apache.catalina.startup.HostConfig.deployDirectory Deploying web application directory /Users/BlackMonkey/Desktop/CSE135/TomCatsServer/webapps/storeWebPage
11-May-2016 15:19:28.088 INFO [localhost-startStop-1] org.apache.catalina.startup.HostConfig.deployDirectory Deployment of web application directory /Users/BlackMonkey/Desktop/CSE135/TomCatsServer/webapps/storeWebPage has finished in 35 ms
11-May-2016 15:19:28.093 INFO [main] org.apache.coyote.AbstractProtocol.start Starting ProtocolHandler ["http-nio-2048"]
11-May-2016 15:19:28.102 INFO [main] org.apache.coyote.AbstractProtocol.start Starting ProtocolHandler ["ajp-nio-8009"]
11-May-2016 15:19:28.103 INFO [main] org.apache.catalina.startup.Catalina.start Server startup in 1060 ms
